nohup: ignoring input
/home/ilc/midir/miniconda3/envs/ml-env/lib/python3.10/site-packages/sklearn/ensemble/_forest.py:424: FutureWarning: `max_features='auto'` has been deprecated in 1.1 and will be removed in 1.3. To keep the past behaviour, explicitly set `max_features='sqrt'` or remove this parameter as it is also the default value for RandomForestClassifiers and ExtraTreesClassifiers.
  warn(
/home/ilc/midir/miniconda3/envs/ml-env/lib/python3.10/site-packages/sklearn/ensemble/_forest.py:424: FutureWarning: `max_features='auto'` has been deprecated in 1.1 and will be removed in 1.3. To keep the past behaviour, explicitly set `max_features='sqrt'` or remove this parameter as it is also the default value for RandomForestClassifiers and ExtraTreesClassifiers.
  warn(
/home/ilc/midir/miniconda3/envs/ml-env/lib/python3.10/site-packages/sklearn/ensemble/_forest.py:424: FutureWarning: `max_features='auto'` has been deprecated in 1.1 and will be removed in 1.3. To keep the past behaviour, explicitly set `max_features='sqrt'` or remove this parameter as it is also the default value for RandomForestClassifiers and ExtraTreesClassifiers.
  warn(
/home/ilc/midir/miniconda3/envs/ml-env/lib/python3.10/site-packages/sklearn/ensemble/_forest.py:424: FutureWarning: `max_features='auto'` has been deprecated in 1.1 and will be removed in 1.3. To keep the past behaviour, explicitly set `max_features='sqrt'` or remove this parameter as it is also the default value for RandomForestClassifiers and ExtraTreesClassifiers.
  warn(
/home/ilc/midir/miniconda3/envs/ml-env/lib/python3.10/site-packages/sklearn/ensemble/_forest.py:424: FutureWarning: `max_features='auto'` has been deprecated in 1.1 and will be removed in 1.3. To keep the past behaviour, explicitly set `max_features='sqrt'` or remove this parameter as it is also the default value for RandomForestClassifiers and ExtraTreesClassifiers.
  warn(
/home/ilc/midir/miniconda3/envs/ml-env/lib/python3.10/site-packages/sklearn/ensemble/_forest.py:424: FutureWarning: `max_features='auto'` has been deprecated in 1.1 and will be removed in 1.3. To keep the past behaviour, explicitly set `max_features='sqrt'` or remove this parameter as it is also the default value for RandomForestClassifiers and ExtraTreesClassifiers.
  warn(
/home/ilc/midir/miniconda3/envs/ml-env/lib/python3.10/site-packages/sklearn/ensemble/_forest.py:424: FutureWarning: `max_features='auto'` has been deprecated in 1.1 and will be removed in 1.3. To keep the past behaviour, explicitly set `max_features='sqrt'` or remove this parameter as it is also the default value for RandomForestClassifiers and ExtraTreesClassifiers.
  warn(
/home/ilc/midir/miniconda3/envs/ml-env/lib/python3.10/site-packages/sklearn/ensemble/_forest.py:424: FutureWarning: `max_features='auto'` has been deprecated in 1.1 and will be removed in 1.3. To keep the past behaviour, explicitly set `max_features='sqrt'` or remove this parameter as it is also the default value for RandomForestClassifiers and ExtraTreesClassifiers.
  warn(
/home/ilc/midir/miniconda3/envs/ml-env/lib/python3.10/site-packages/sklearn/ensemble/_forest.py:424: FutureWarning: `max_features='auto'` has been deprecated in 1.1 and will be removed in 1.3. To keep the past behaviour, explicitly set `max_features='sqrt'` or remove this parameter as it is also the default value for RandomForestClassifiers and ExtraTreesClassifiers.
  warn(
/home/ilc/midir/miniconda3/envs/ml-env/lib/python3.10/site-packages/sklearn/ensemble/_forest.py:424: FutureWarning: `max_features='auto'` has been deprecated in 1.1 and will be removed in 1.3. To keep the past behaviour, explicitly set `max_features='sqrt'` or remove this parameter as it is also the default value for RandomForestClassifiers and ExtraTreesClassifiers.
  warn(
/home/ilc/midir/miniconda3/envs/ml-env/lib/python3.10/site-packages/sklearn/ensemble/_forest.py:424: FutureWarning: `max_features='auto'` has been deprecated in 1.1 and will be removed in 1.3. To keep the past behaviour, explicitly set `max_features='sqrt'` or remove this parameter as it is also the default value for RandomForestClassifiers and ExtraTreesClassifiers.
  warn(
/home/ilc/midir/miniconda3/envs/ml-env/lib/python3.10/site-packages/sklearn/ensemble/_forest.py:424: FutureWarning: `max_features='auto'` has been deprecated in 1.1 and will be removed in 1.3. To keep the past behaviour, explicitly set `max_features='sqrt'` or remove this parameter as it is also the default value for RandomForestClassifiers and ExtraTreesClassifiers.
  warn(
/home/ilc/midir/miniconda3/envs/ml-env/lib/python3.10/site-packages/sklearn/ensemble/_forest.py:424: FutureWarning: `max_features='auto'` has been deprecated in 1.1 and will be removed in 1.3. To keep the past behaviour, explicitly set `max_features='sqrt'` or remove this parameter as it is also the default value for RandomForestClassifiers and ExtraTreesClassifiers.
  warn(
/home/ilc/midir/miniconda3/envs/ml-env/lib/python3.10/site-packages/sklearn/ensemble/_forest.py:424: FutureWarning: `max_features='auto'` has been deprecated in 1.1 and will be removed in 1.3. To keep the past behaviour, explicitly set `max_features='sqrt'` or remove this parameter as it is also the default value for RandomForestClassifiers and ExtraTreesClassifiers.
  warn(
/home/ilc/midir/miniconda3/envs/ml-env/lib/python3.10/site-packages/sklearn/ensemble/_forest.py:424: FutureWarning: `max_features='auto'` has been deprecated in 1.1 and will be removed in 1.3. To keep the past behaviour, explicitly set `max_features='sqrt'` or remove this parameter as it is also the default value for RandomForestClassifiers and ExtraTreesClassifiers.
  warn(
/home/ilc/midir/miniconda3/envs/ml-env/lib/python3.10/site-packages/sklearn/ensemble/_forest.py:424: FutureWarning: `max_features='auto'` has been deprecated in 1.1 and will be removed in 1.3. To keep the past behaviour, explicitly set `max_features='sqrt'` or remove this parameter as it is also the default value for RandomForestClassifiers and ExtraTreesClassifiers.
  warn(
/home/ilc/midir/miniconda3/envs/ml-env/lib/python3.10/site-packages/sklearn/ensemble/_forest.py:424: FutureWarning: `max_features='auto'` has been deprecated in 1.1 and will be removed in 1.3. To keep the past behaviour, explicitly set `max_features='sqrt'` or remove this parameter as it is also the default value for RandomForestClassifiers and ExtraTreesClassifiers.
  warn(
/home/ilc/midir/miniconda3/envs/ml-env/lib/python3.10/site-packages/sklearn/ensemble/_forest.py:424: FutureWarning: `max_features='auto'` has been deprecated in 1.1 and will be removed in 1.3. To keep the past behaviour, explicitly set `max_features='sqrt'` or remove this parameter as it is also the default value for RandomForestClassifiers and ExtraTreesClassifiers.
  warn(
/home/ilc/midir/miniconda3/envs/ml-env/lib/python3.10/site-packages/sklearn/ensemble/_forest.py:424: FutureWarning: `max_features='auto'` has been deprecated in 1.1 and will be removed in 1.3. To keep the past behaviour, explicitly set `max_features='sqrt'` or remove this parameter as it is also the default value for RandomForestClassifiers and ExtraTreesClassifiers.
  warn(
/home/ilc/midir/miniconda3/envs/ml-env/lib/python3.10/site-packages/sklearn/ensemble/_forest.py:424: FutureWarning: `max_features='auto'` has been deprecated in 1.1 and will be removed in 1.3. To keep the past behaviour, explicitly set `max_features='sqrt'` or remove this parameter as it is also the default value for RandomForestClassifiers and ExtraTreesClassifiers.
  warn(
/home/ilc/midir/miniconda3/envs/ml-env/lib/python3.10/site-packages/sklearn/ensemble/_forest.py:424: FutureWarning: `max_features='auto'` has been deprecated in 1.1 and will be removed in 1.3. To keep the past behaviour, explicitly set `max_features='sqrt'` or remove this parameter as it is also the default value for RandomForestClassifiers and ExtraTreesClassifiers.
  warn(
/home/ilc/midir/miniconda3/envs/ml-env/lib/python3.10/site-packages/sklearn/ensemble/_forest.py:424: FutureWarning: `max_features='auto'` has been deprecated in 1.1 and will be removed in 1.3. To keep the past behaviour, explicitly set `max_features='sqrt'` or remove this parameter as it is also the default value for RandomForestClassifiers and ExtraTreesClassifiers.
  warn(
/home/ilc/midir/miniconda3/envs/ml-env/lib/python3.10/site-packages/sklearn/ensemble/_forest.py:424: FutureWarning: `max_features='auto'` has been deprecated in 1.1 and will be removed in 1.3. To keep the past behaviour, explicitly set `max_features='sqrt'` or remove this parameter as it is also the default value for RandomForestClassifiers and ExtraTreesClassifiers.
  warn(
/home/ilc/midir/miniconda3/envs/ml-env/lib/python3.10/site-packages/sklearn/ensemble/_forest.py:424: FutureWarning: `max_features='auto'` has been deprecated in 1.1 and will be removed in 1.3. To keep the past behaviour, explicitly set `max_features='sqrt'` or remove this parameter as it is also the default value for RandomForestClassifiers and ExtraTreesClassifiers.
  warn(
/home/ilc/midir/miniconda3/envs/ml-env/lib/python3.10/site-packages/sklearn/ensemble/_forest.py:424: FutureWarning: `max_features='auto'` has been deprecated in 1.1 and will be removed in 1.3. To keep the past behaviour, explicitly set `max_features='sqrt'` or remove this parameter as it is also the default value for RandomForestClassifiers and ExtraTreesClassifiers.
  warn(
/home/ilc/midir/miniconda3/envs/ml-env/lib/python3.10/site-packages/sklearn/ensemble/_forest.py:424: FutureWarning: `max_features='auto'` has been deprecated in 1.1 and will be removed in 1.3. To keep the past behaviour, explicitly set `max_features='sqrt'` or remove this parameter as it is also the default value for RandomForestClassifiers and ExtraTreesClassifiers.
  warn(
/home/ilc/midir/miniconda3/envs/ml-env/lib/python3.10/site-packages/sklearn/ensemble/_forest.py:424: FutureWarning: `max_features='auto'` has been deprecated in 1.1 and will be removed in 1.3. To keep the past behaviour, explicitly set `max_features='sqrt'` or remove this parameter as it is also the default value for RandomForestClassifiers and ExtraTreesClassifiers.
  warn(
/home/ilc/midir/miniconda3/envs/ml-env/lib/python3.10/site-packages/sklearn/ensemble/_forest.py:424: FutureWarning: `max_features='auto'` has been deprecated in 1.1 and will be removed in 1.3. To keep the past behaviour, explicitly set `max_features='sqrt'` or remove this parameter as it is also the default value for RandomForestClassifiers and ExtraTreesClassifiers.
  warn(
/home/ilc/midir/miniconda3/envs/ml-env/lib/python3.10/site-packages/sklearn/ensemble/_forest.py:424: FutureWarning: `max_features='auto'` has been deprecated in 1.1 and will be removed in 1.3. To keep the past behaviour, explicitly set `max_features='sqrt'` or remove this parameter as it is also the default value for RandomForestClassifiers and ExtraTreesClassifiers.
  warn(
/home/ilc/midir/miniconda3/envs/ml-env/lib/python3.10/site-packages/sklearn/ensemble/_forest.py:424: FutureWarning: `max_features='auto'` has been deprecated in 1.1 and will be removed in 1.3. To keep the past behaviour, explicitly set `max_features='sqrt'` or remove this parameter as it is also the default value for RandomForestClassifiers and ExtraTreesClassifiers.
  warn(
/home/ilc/midir/miniconda3/envs/ml-env/lib/python3.10/site-packages/sklearn/ensemble/_forest.py:424: FutureWarning: `max_features='auto'` has been deprecated in 1.1 and will be removed in 1.3. To keep the past behaviour, explicitly set `max_features='sqrt'` or remove this parameter as it is also the default value for RandomForestClassifiers and ExtraTreesClassifiers.
  warn(
/home/ilc/midir/miniconda3/envs/ml-env/lib/python3.10/site-packages/sklearn/ensemble/_forest.py:424: FutureWarning: `max_features='auto'` has been deprecated in 1.1 and will be removed in 1.3. To keep the past behaviour, explicitly set `max_features='sqrt'` or remove this parameter as it is also the default value for RandomForestClassifiers and ExtraTreesClassifiers.
  warn(
/home/ilc/midir/miniconda3/envs/ml-env/lib/python3.10/site-packages/sklearn/ensemble/_forest.py:424: FutureWarning: `max_features='auto'` has been deprecated in 1.1 and will be removed in 1.3. To keep the past behaviour, explicitly set `max_features='sqrt'` or remove this parameter as it is also the default value for RandomForestClassifiers and ExtraTreesClassifiers.
  warn(
/home/ilc/midir/miniconda3/envs/ml-env/lib/python3.10/site-packages/sklearn/ensemble/_forest.py:424: FutureWarning: `max_features='auto'` has been deprecated in 1.1 and will be removed in 1.3. To keep the past behaviour, explicitly set `max_features='sqrt'` or remove this parameter as it is also the default value for RandomForestClassifiers and ExtraTreesClassifiers.
  warn(
/home/ilc/midir/miniconda3/envs/ml-env/lib/python3.10/site-packages/sklearn/ensemble/_forest.py:424: FutureWarning: `max_features='auto'` has been deprecated in 1.1 and will be removed in 1.3. To keep the past behaviour, explicitly set `max_features='sqrt'` or remove this parameter as it is also the default value for RandomForestClassifiers and ExtraTreesClassifiers.
  warn(
/home/ilc/midir/miniconda3/envs/ml-env/lib/python3.10/site-packages/sklearn/ensemble/_forest.py:424: FutureWarning: `max_features='auto'` has been deprecated in 1.1 and will be removed in 1.3. To keep the past behaviour, explicitly set `max_features='sqrt'` or remove this parameter as it is also the default value for RandomForestClassifiers and ExtraTreesClassifiers.
  warn(
/home/ilc/midir/miniconda3/envs/ml-env/lib/python3.10/site-packages/sklearn/ensemble/_forest.py:424: FutureWarning: `max_features='auto'` has been deprecated in 1.1 and will be removed in 1.3. To keep the past behaviour, explicitly set `max_features='sqrt'` or remove this parameter as it is also the default value for RandomForestClassifiers and ExtraTreesClassifiers.
  warn(
/home/ilc/midir/miniconda3/envs/ml-env/lib/python3.10/site-packages/sklearn/ensemble/_forest.py:424: FutureWarning: `max_features='auto'` has been deprecated in 1.1 and will be removed in 1.3. To keep the past behaviour, explicitly set `max_features='sqrt'` or remove this parameter as it is also the default value for RandomForestClassifiers and ExtraTreesClassifiers.
  warn(
/home/ilc/midir/miniconda3/envs/ml-env/lib/python3.10/site-packages/sklearn/ensemble/_forest.py:424: FutureWarning: `max_features='auto'` has been deprecated in 1.1 and will be removed in 1.3. To keep the past behaviour, explicitly set `max_features='sqrt'` or remove this parameter as it is also the default value for RandomForestClassifiers and ExtraTreesClassifiers.
  warn(
/home/ilc/midir/miniconda3/envs/ml-env/lib/python3.10/site-packages/sklearn/ensemble/_forest.py:424: FutureWarning: `max_features='auto'` has been deprecated in 1.1 and will be removed in 1.3. To keep the past behaviour, explicitly set `max_features='sqrt'` or remove this parameter as it is also the default value for RandomForestClassifiers and ExtraTreesClassifiers.
  warn(
/home/ilc/midir/miniconda3/envs/ml-env/lib/python3.10/site-packages/sklearn/ensemble/_forest.py:424: FutureWarning: `max_features='auto'` has been deprecated in 1.1 and will be removed in 1.3. To keep the past behaviour, explicitly set `max_features='sqrt'` or remove this parameter as it is also the default value for RandomForestClassifiers and ExtraTreesClassifiers.
  warn(
/home/ilc/midir/miniconda3/envs/ml-env/lib/python3.10/site-packages/sklearn/ensemble/_forest.py:424: FutureWarning: `max_features='auto'` has been deprecated in 1.1 and will be removed in 1.3. To keep the past behaviour, explicitly set `max_features='sqrt'` or remove this parameter as it is also the default value for RandomForestClassifiers and ExtraTreesClassifiers.
  warn(
/home/ilc/midir/miniconda3/envs/ml-env/lib/python3.10/site-packages/sklearn/ensemble/_forest.py:424: FutureWarning: `max_features='auto'` has been deprecated in 1.1 and will be removed in 1.3. To keep the past behaviour, explicitly set `max_features='sqrt'` or remove this parameter as it is also the default value for RandomForestClassifiers and ExtraTreesClassifiers.
  warn(
/home/ilc/midir/miniconda3/envs/ml-env/lib/python3.10/site-packages/sklearn/ensemble/_forest.py:424: FutureWarning: `max_features='auto'` has been deprecated in 1.1 and will be removed in 1.3. To keep the past behaviour, explicitly set `max_features='sqrt'` or remove this parameter as it is also the default value for RandomForestClassifiers and ExtraTreesClassifiers.
  warn(
/home/ilc/midir/miniconda3/envs/ml-env/lib/python3.10/site-packages/sklearn/ensemble/_forest.py:424: FutureWarning: `max_features='auto'` has been deprecated in 1.1 and will be removed in 1.3. To keep the past behaviour, explicitly set `max_features='sqrt'` or remove this parameter as it is also the default value for RandomForestClassifiers and ExtraTreesClassifiers.
  warn(
/home/ilc/midir/miniconda3/envs/ml-env/lib/python3.10/site-packages/sklearn/ensemble/_forest.py:424: FutureWarning: `max_features='auto'` has been deprecated in 1.1 and will be removed in 1.3. To keep the past behaviour, explicitly set `max_features='sqrt'` or remove this parameter as it is also the default value for RandomForestClassifiers and ExtraTreesClassifiers.
  warn(
/home/ilc/midir/miniconda3/envs/ml-env/lib/python3.10/site-packages/sklearn/ensemble/_forest.py:424: FutureWarning: `max_features='auto'` has been deprecated in 1.1 and will be removed in 1.3. To keep the past behaviour, explicitly set `max_features='sqrt'` or remove this parameter as it is also the default value for RandomForestClassifiers and ExtraTreesClassifiers.
  warn(
/home/ilc/midir/miniconda3/envs/ml-env/lib/python3.10/site-packages/sklearn/ensemble/_forest.py:424: FutureWarning: `max_features='auto'` has been deprecated in 1.1 and will be removed in 1.3. To keep the past behaviour, explicitly set `max_features='sqrt'` or remove this parameter as it is also the default value for RandomForestClassifiers and ExtraTreesClassifiers.
  warn(
/home/ilc/midir/miniconda3/envs/ml-env/lib/python3.10/site-packages/sklearn/ensemble/_forest.py:424: FutureWarning: `max_features='auto'` has been deprecated in 1.1 and will be removed in 1.3. To keep the past behaviour, explicitly set `max_features='sqrt'` or remove this parameter as it is also the default value for RandomForestClassifiers and ExtraTreesClassifiers.
  warn(
/home/ilc/midir/miniconda3/envs/ml-env/lib/python3.10/site-packages/sklearn/ensemble/_forest.py:424: FutureWarning: `max_features='auto'` has been deprecated in 1.1 and will be removed in 1.3. To keep the past behaviour, explicitly set `max_features='sqrt'` or remove this parameter as it is also the default value for RandomForestClassifiers and ExtraTreesClassifiers.
  warn(
/home/ilc/midir/miniconda3/envs/ml-env/lib/python3.10/site-packages/sklearn/ensemble/_forest.py:424: FutureWarning: `max_features='auto'` has been deprecated in 1.1 and will be removed in 1.3. To keep the past behaviour, explicitly set `max_features='sqrt'` or remove this parameter as it is also the default value for RandomForestClassifiers and ExtraTreesClassifiers.
  warn(
/home/ilc/midir/miniconda3/envs/ml-env/lib/python3.10/site-packages/sklearn/ensemble/_forest.py:424: FutureWarning: `max_features='auto'` has been deprecated in 1.1 and will be removed in 1.3. To keep the past behaviour, explicitly set `max_features='sqrt'` or remove this parameter as it is also the default value for RandomForestClassifiers and ExtraTreesClassifiers.
  warn(
/home/ilc/midir/miniconda3/envs/ml-env/lib/python3.10/site-packages/sklearn/ensemble/_forest.py:424: FutureWarning: `max_features='auto'` has been deprecated in 1.1 and will be removed in 1.3. To keep the past behaviour, explicitly set `max_features='sqrt'` or remove this parameter as it is also the default value for RandomForestClassifiers and ExtraTreesClassifiers.
  warn(
/home/ilc/midir/miniconda3/envs/ml-env/lib/python3.10/site-packages/sklearn/ensemble/_forest.py:424: FutureWarning: `max_features='auto'` has been deprecated in 1.1 and will be removed in 1.3. To keep the past behaviour, explicitly set `max_features='sqrt'` or remove this parameter as it is also the default value for RandomForestClassifiers and ExtraTreesClassifiers.
  warn(
/home/ilc/midir/miniconda3/envs/ml-env/lib/python3.10/site-packages/sklearn/ensemble/_forest.py:424: FutureWarning: `max_features='auto'` has been deprecated in 1.1 and will be removed in 1.3. To keep the past behaviour, explicitly set `max_features='sqrt'` or remove this parameter as it is also the default value for RandomForestClassifiers and ExtraTreesClassifiers.
  warn(
/home/ilc/midir/miniconda3/envs/ml-env/lib/python3.10/site-packages/sklearn/ensemble/_forest.py:424: FutureWarning: `max_features='auto'` has been deprecated in 1.1 and will be removed in 1.3. To keep the past behaviour, explicitly set `max_features='sqrt'` or remove this parameter as it is also the default value for RandomForestClassifiers and ExtraTreesClassifiers.
  warn(
/home/ilc/midir/miniconda3/envs/ml-env/lib/python3.10/site-packages/sklearn/ensemble/_forest.py:424: FutureWarning: `max_features='auto'` has been deprecated in 1.1 and will be removed in 1.3. To keep the past behaviour, explicitly set `max_features='sqrt'` or remove this parameter as it is also the default value for RandomForestClassifiers and ExtraTreesClassifiers.
  warn(
/home/ilc/midir/miniconda3/envs/ml-env/lib/python3.10/site-packages/sklearn/ensemble/_forest.py:424: FutureWarning: `max_features='auto'` has been deprecated in 1.1 and will be removed in 1.3. To keep the past behaviour, explicitly set `max_features='sqrt'` or remove this parameter as it is also the default value for RandomForestClassifiers and ExtraTreesClassifiers.
  warn(
/home/ilc/midir/miniconda3/envs/ml-env/lib/python3.10/site-packages/sklearn/ensemble/_forest.py:424: FutureWarning: `max_features='auto'` has been deprecated in 1.1 and will be removed in 1.3. To keep the past behaviour, explicitly set `max_features='sqrt'` or remove this parameter as it is also the default value for RandomForestClassifiers and ExtraTreesClassifiers.
  warn(
/home/ilc/midir/miniconda3/envs/ml-env/lib/python3.10/site-packages/sklearn/ensemble/_forest.py:424: FutureWarning: `max_features='auto'` has been deprecated in 1.1 and will be removed in 1.3. To keep the past behaviour, explicitly set `max_features='sqrt'` or remove this parameter as it is also the default value for RandomForestClassifiers and ExtraTreesClassifiers.
  warn(
/home/ilc/midir/miniconda3/envs/ml-env/lib/python3.10/site-packages/sklearn/ensemble/_forest.py:424: FutureWarning: `max_features='auto'` has been deprecated in 1.1 and will be removed in 1.3. To keep the past behaviour, explicitly set `max_features='sqrt'` or remove this parameter as it is also the default value for RandomForestClassifiers and ExtraTreesClassifiers.
  warn(
/home/ilc/midir/miniconda3/envs/ml-env/lib/python3.10/site-packages/sklearn/ensemble/_forest.py:424: FutureWarning: `max_features='auto'` has been deprecated in 1.1 and will be removed in 1.3. To keep the past behaviour, explicitly set `max_features='sqrt'` or remove this parameter as it is also the default value for RandomForestClassifiers and ExtraTreesClassifiers.
  warn(
/home/ilc/midir/miniconda3/envs/ml-env/lib/python3.10/site-packages/sklearn/ensemble/_forest.py:424: FutureWarning: `max_features='auto'` has been deprecated in 1.1 and will be removed in 1.3. To keep the past behaviour, explicitly set `max_features='sqrt'` or remove this parameter as it is also the default value for RandomForestClassifiers and ExtraTreesClassifiers.
  warn(
/home/ilc/midir/miniconda3/envs/ml-env/lib/python3.10/site-packages/sklearn/ensemble/_forest.py:424: FutureWarning: `max_features='auto'` has been deprecated in 1.1 and will be removed in 1.3. To keep the past behaviour, explicitly set `max_features='sqrt'` or remove this parameter as it is also the default value for RandomForestClassifiers and ExtraTreesClassifiers.
  warn(
/home/ilc/midir/miniconda3/envs/ml-env/lib/python3.10/site-packages/sklearn/ensemble/_forest.py:424: FutureWarning: `max_features='auto'` has been deprecated in 1.1 and will be removed in 1.3. To keep the past behaviour, explicitly set `max_features='sqrt'` or remove this parameter as it is also the default value for RandomForestClassifiers and ExtraTreesClassifiers.
  warn(
/home/ilc/midir/miniconda3/envs/ml-env/lib/python3.10/site-packages/sklearn/ensemble/_forest.py:424: FutureWarning: `max_features='auto'` has been deprecated in 1.1 and will be removed in 1.3. To keep the past behaviour, explicitly set `max_features='sqrt'` or remove this parameter as it is also the default value for RandomForestClassifiers and ExtraTreesClassifiers.
  warn(
/home/ilc/midir/miniconda3/envs/ml-env/lib/python3.10/site-packages/sklearn/ensemble/_forest.py:424: FutureWarning: `max_features='auto'` has been deprecated in 1.1 and will be removed in 1.3. To keep the past behaviour, explicitly set `max_features='sqrt'` or remove this parameter as it is also the default value for RandomForestClassifiers and ExtraTreesClassifiers.
  warn(
/home/ilc/midir/miniconda3/envs/ml-env/lib/python3.10/site-packages/sklearn/ensemble/_forest.py:424: FutureWarning: `max_features='auto'` has been deprecated in 1.1 and will be removed in 1.3. To keep the past behaviour, explicitly set `max_features='sqrt'` or remove this parameter as it is also the default value for RandomForestClassifiers and ExtraTreesClassifiers.
  warn(
→ Lecture de tous les fichiers ROOT …
   Total d’événements chargés : 200000
   Après nettoyage (drop NA/inf) : 199998
   Taille train : 159998, test : 40000
   Après SMOTE : [79999 79999] samples par classe
Fitting 5 folds for each of 81 candidates, totalling 405 fits
[CV] END max_depth=None, max_features=auto, min_samples_split=2, n_estimators=100; total time=  35.3s
[CV] END max_depth=None, max_features=auto, min_samples_split=2, n_estimators=100; total time=  25.1s
[CV] END max_depth=None, max_features=auto, min_samples_split=2, n_estimators=100; total time=  27.9s
[CV] END max_depth=None, max_features=auto, min_samples_split=2, n_estimators=100; total time=  28.9s
[CV] END max_depth=None, max_features=auto, min_samples_split=2, n_estimators=100; total time=  26.6s
[CV] END max_depth=None, max_features=auto, min_samples_split=2, n_estimators=300; total time= 1.4min
[CV] END max_depth=None, max_features=auto, min_samples_split=2, n_estimators=300; total time= 1.2min
[CV] END max_depth=None, max_features=auto, min_samples_split=2, n_estimators=300; total time= 1.2min
[CV] END max_depth=None, max_features=auto, min_samples_split=2, n_estimators=300; total time= 1.1min
[CV] END max_depth=None, max_features=auto, min_samples_split=2, n_estimators=300; total time= 1.2min
[CV] END max_depth=None, max_features=auto, min_samples_split=2, n_estimators=500; total time= 1.9min
[CV] END max_depth=None, max_features=auto, min_samples_split=2, n_estimators=500; total time= 2.0min
[CV] END max_depth=None, max_features=auto, min_samples_split=2, n_estimators=500; total time= 1.8min
[CV] END max_depth=None, max_features=auto, min_samples_split=2, n_estimators=500; total time= 1.8min
[CV] END max_depth=None, max_features=auto, min_samples_split=2, n_estimators=500; total time= 1.9min
[CV] END max_depth=None, max_features=auto, min_samples_split=5, n_estimators=100; total time=  25.5s
[CV] END max_depth=None, max_features=auto, min_samples_split=5, n_estimators=100; total time=  31.4s
[CV] END max_depth=None, max_features=auto, min_samples_split=5, n_estimators=100; total time=  28.7s
[CV] END max_depth=None, max_features=auto, min_samples_split=5, n_estimators=100; total time=  29.0s
[CV] END max_depth=None, max_features=auto, min_samples_split=5, n_estimators=100; total time=  31.1s
[CV] END max_depth=None, max_features=auto, min_samples_split=5, n_estimators=300; total time= 1.1min
[CV] END max_depth=None, max_features=auto, min_samples_split=5, n_estimators=300; total time= 1.2min
[CV] END max_depth=None, max_features=auto, min_samples_split=5, n_estimators=300; total time= 1.4min
[CV] END max_depth=None, max_features=auto, min_samples_split=5, n_estimators=300; total time= 1.3min
[CV] END max_depth=None, max_features=auto, min_samples_split=5, n_estimators=300; total time= 1.0min
[CV] END max_depth=None, max_features=auto, min_samples_split=5, n_estimators=500; total time= 1.9min
[CV] END max_depth=None, max_features=auto, min_samples_split=5, n_estimators=500; total time= 2.2min
[CV] END max_depth=None, max_features=auto, min_samples_split=5, n_estimators=500; total time= 1.9min
[CV] END max_depth=None, max_features=auto, min_samples_split=5, n_estimators=500; total time= 2.3min
[CV] END max_depth=None, max_features=auto, min_samples_split=5, n_estimators=500; total time= 2.0min
[CV] END max_depth=None, max_features=auto, min_samples_split=10, n_estimators=100; total time=  32.7s
[CV] END max_depth=None, max_features=auto, min_samples_split=10, n_estimators=100; total time=  28.8s
[CV] END max_depth=None, max_features=auto, min_samples_split=10, n_estimators=100; total time=  29.0s
[CV] END max_depth=None, max_features=auto, min_samples_split=10, n_estimators=100; total time=  23.6s
[CV] END max_depth=None, max_features=auto, min_samples_split=10, n_estimators=100; total time=  27.0s
[CV] END max_depth=None, max_features=auto, min_samples_split=10, n_estimators=300; total time= 1.2min
[CV] END max_depth=None, max_features=auto, min_samples_split=10, n_estimators=300; total time= 1.1min
[CV] END max_depth=None, max_features=auto, min_samples_split=10, n_estimators=300; total time= 1.4min
[CV] END max_depth=None, max_features=auto, min_samples_split=10, n_estimators=300; total time= 1.3min
[CV] END max_depth=None, max_features=auto, min_samples_split=10, n_estimators=300; total time= 1.2min
[CV] END max_depth=None, max_features=auto, min_samples_split=10, n_estimators=500; total time= 1.9min
[CV] END max_depth=None, max_features=auto, min_samples_split=10, n_estimators=500; total time= 1.9min
[CV] END max_depth=None, max_features=auto, min_samples_split=10, n_estimators=500; total time= 1.9min
[CV] END max_depth=None, max_features=auto, min_samples_split=10, n_estimators=500; total time= 1.9min
[CV] END max_depth=None, max_features=auto, min_samples_split=10, n_estimators=500; total time= 1.7min
[CV] END max_depth=None, max_features=sqrt, min_samples_split=2, n_estimators=100; total time=  31.4s
[CV] END max_depth=None, max_features=sqrt, min_samples_split=2, n_estimators=100; total time=  30.3s
[CV] END max_depth=None, max_features=sqrt, min_samples_split=2, n_estimators=100; total time=  37.3s
[CV] END max_depth=None, max_features=sqrt, min_samples_split=2, n_estimators=100; total time=  27.3s
[CV] END max_depth=None, max_features=sqrt, min_samples_split=2, n_estimators=100; total time=  22.4s
[CV] END max_depth=None, max_features=sqrt, min_samples_split=2, n_estimators=300; total time= 1.2min
[CV] END max_depth=None, max_features=sqrt, min_samples_split=2, n_estimators=300; total time= 1.2min
[CV] END max_depth=None, max_features=sqrt, min_samples_split=2, n_estimators=300; total time= 1.2min
[CV] END max_depth=None, max_features=sqrt, min_samples_split=2, n_estimators=300; total time= 1.2min
[CV] END max_depth=None, max_features=sqrt, min_samples_split=2, n_estimators=300; total time= 1.2min
[CV] END max_depth=None, max_features=sqrt, min_samples_split=2, n_estimators=500; total time= 2.0min
[CV] END max_depth=None, max_features=sqrt, min_samples_split=2, n_estimators=500; total time= 2.1min
[CV] END max_depth=None, max_features=sqrt, min_samples_split=2, n_estimators=500; total time= 1.8min
[CV] END max_depth=None, max_features=sqrt, min_samples_split=2, n_estimators=500; total time= 2.2min
[CV] END max_depth=None, max_features=sqrt, min_samples_split=2, n_estimators=500; total time= 2.1min
[CV] END max_depth=None, max_features=sqrt, min_samples_split=5, n_estimators=100; total time=  20.9s
[CV] END max_depth=None, max_features=sqrt, min_samples_split=5, n_estimators=100; total time=  24.8s
[CV] END max_depth=None, max_features=sqrt, min_samples_split=5, n_estimators=100; total time=  27.3s
[CV] END max_depth=None, max_features=sqrt, min_samples_split=5, n_estimators=100; total time=  29.1s
[CV] END max_depth=None, max_features=sqrt, min_samples_split=5, n_estimators=100; total time=  29.7s
[CV] END max_depth=None, max_features=sqrt, min_samples_split=5, n_estimators=300; total time= 1.1min
[CV] END max_depth=None, max_features=sqrt, min_samples_split=5, n_estimators=300; total time= 1.1min
[CV] END max_depth=None, max_features=sqrt, min_samples_split=5, n_estimators=300; total time= 1.1min
[CV] END max_depth=None, max_features=sqrt, min_samples_split=5, n_estimators=300; total time= 1.2min
[CV] END max_depth=None, max_features=sqrt, min_samples_split=5, n_estimators=300; total time= 1.2min
[CV] END max_depth=None, max_features=sqrt, min_samples_split=5, n_estimators=500; total time= 2.0min
[CV] END max_depth=None, max_features=sqrt, min_samples_split=5, n_estimators=500; total time= 1.8min
[CV] END max_depth=None, max_features=sqrt, min_samples_split=5, n_estimators=500; total time= 1.9min
[CV] END max_depth=None, max_features=sqrt, min_samples_split=5, n_estimators=500; total time= 1.8min
[CV] END max_depth=None, max_features=sqrt, min_samples_split=5, n_estimators=500; total time= 1.9min
[CV] END max_depth=None, max_features=sqrt, min_samples_split=10, n_estimators=100; total time=  27.0s
[CV] END max_depth=None, max_features=sqrt, min_samples_split=10, n_estimators=100; total time=  32.3s
/home/ilc/midir/miniconda3/envs/ml-env/lib/python3.10/site-packages/sklearn/ensemble/_forest.py:424: FutureWarning: `max_features='auto'` has been deprecated in 1.1 and will be removed in 1.3. To keep the past behaviour, explicitly set `max_features='sqrt'` or remove this parameter as it is also the default value for RandomForestClassifiers and ExtraTreesClassifiers.
  warn(
/home/ilc/midir/miniconda3/envs/ml-env/lib/python3.10/site-packages/sklearn/ensemble/_forest.py:424: FutureWarning: `max_features='auto'` has been deprecated in 1.1 and will be removed in 1.3. To keep the past behaviour, explicitly set `max_features='sqrt'` or remove this parameter as it is also the default value for RandomForestClassifiers and ExtraTreesClassifiers.
  warn(
/home/ilc/midir/miniconda3/envs/ml-env/lib/python3.10/site-packages/sklearn/ensemble/_forest.py:424: FutureWarning: `max_features='auto'` has been deprecated in 1.1 and will be removed in 1.3. To keep the past behaviour, explicitly set `max_features='sqrt'` or remove this parameter as it is also the default value for RandomForestClassifiers and ExtraTreesClassifiers.
  warn(
/home/ilc/midir/miniconda3/envs/ml-env/lib/python3.10/site-packages/sklearn/ensemble/_forest.py:424: FutureWarning: `max_features='auto'` has been deprecated in 1.1 and will be removed in 1.3. To keep the past behaviour, explicitly set `max_features='sqrt'` or remove this parameter as it is also the default value for RandomForestClassifiers and ExtraTreesClassifiers.
  warn(
/home/ilc/midir/miniconda3/envs/ml-env/lib/python3.10/site-packages/sklearn/ensemble/_forest.py:424: FutureWarning: `max_features='auto'` has been deprecated in 1.1 and will be removed in 1.3. To keep the past behaviour, explicitly set `max_features='sqrt'` or remove this parameter as it is also the default value for RandomForestClassifiers and ExtraTreesClassifiers.
  warn(
/home/ilc/midir/miniconda3/envs/ml-env/lib/python3.10/site-packages/sklearn/ensemble/_forest.py:424: FutureWarning: `max_features='auto'` has been deprecated in 1.1 and will be removed in 1.3. To keep the past behaviour, explicitly set `max_features='sqrt'` or remove this parameter as it is also the default value for RandomForestClassifiers and ExtraTreesClassifiers.
  warn(
/home/ilc/midir/miniconda3/envs/ml-env/lib/python3.10/site-packages/sklearn/ensemble/_forest.py:424: FutureWarning: `max_features='auto'` has been deprecated in 1.1 and will be removed in 1.3. To keep the past behaviour, explicitly set `max_features='sqrt'` or remove this parameter as it is also the default value for RandomForestClassifiers and ExtraTreesClassifiers.
  warn(
/home/ilc/midir/miniconda3/envs/ml-env/lib/python3.10/site-packages/sklearn/ensemble/_forest.py:424: FutureWarning: `max_features='auto'` has been deprecated in 1.1 and will be removed in 1.3. To keep the past behaviour, explicitly set `max_features='sqrt'` or remove this parameter as it is also the default value for RandomForestClassifiers and ExtraTreesClassifiers.
  warn(
/home/ilc/midir/miniconda3/envs/ml-env/lib/python3.10/site-packages/sklearn/ensemble/_forest.py:424: FutureWarning: `max_features='auto'` has been deprecated in 1.1 and will be removed in 1.3. To keep the past behaviour, explicitly set `max_features='sqrt'` or remove this parameter as it is also the default value for RandomForestClassifiers and ExtraTreesClassifiers.
  warn(
/home/ilc/midir/miniconda3/envs/ml-env/lib/python3.10/site-packages/sklearn/ensemble/_forest.py:424: FutureWarning: `max_features='auto'` has been deprecated in 1.1 and will be removed in 1.3. To keep the past behaviour, explicitly set `max_features='sqrt'` or remove this parameter as it is also the default value for RandomForestClassifiers and ExtraTreesClassifiers.
  warn(
/home/ilc/midir/miniconda3/envs/ml-env/lib/python3.10/site-packages/sklearn/ensemble/_forest.py:424: FutureWarning: `max_features='auto'` has been deprecated in 1.1 and will be removed in 1.3. To keep the past behaviour, explicitly set `max_features='sqrt'` or remove this parameter as it is also the default value for RandomForestClassifiers and ExtraTreesClassifiers.
  warn(
/home/ilc/midir/miniconda3/envs/ml-env/lib/python3.10/site-packages/sklearn/ensemble/_forest.py:424: FutureWarning: `max_features='auto'` has been deprecated in 1.1 and will be removed in 1.3. To keep the past behaviour, explicitly set `max_features='sqrt'` or remove this parameter as it is also the default value for RandomForestClassifiers and ExtraTreesClassifiers.
  warn(
/home/ilc/midir/miniconda3/envs/ml-env/lib/python3.10/site-packages/sklearn/ensemble/_forest.py:424: FutureWarning: `max_features='auto'` has been deprecated in 1.1 and will be removed in 1.3. To keep the past behaviour, explicitly set `max_features='sqrt'` or remove this parameter as it is also the default value for RandomForestClassifiers and ExtraTreesClassifiers.
  warn(
/home/ilc/midir/miniconda3/envs/ml-env/lib/python3.10/site-packages/sklearn/ensemble/_forest.py:424: FutureWarning: `max_features='auto'` has been deprecated in 1.1 and will be removed in 1.3. To keep the past behaviour, explicitly set `max_features='sqrt'` or remove this parameter as it is also the default value for RandomForestClassifiers and ExtraTreesClassifiers.
  warn(
/home/ilc/midir/miniconda3/envs/ml-env/lib/python3.10/site-packages/sklearn/ensemble/_forest.py:424: FutureWarning: `max_features='auto'` has been deprecated in 1.1 and will be removed in 1.3. To keep the past behaviour, explicitly set `max_features='sqrt'` or remove this parameter as it is also the default value for RandomForestClassifiers and ExtraTreesClassifiers.
  warn(
/home/ilc/midir/miniconda3/envs/ml-env/lib/python3.10/site-packages/sklearn/ensemble/_forest.py:424: FutureWarning: `max_features='auto'` has been deprecated in 1.1 and will be removed in 1.3. To keep the past behaviour, explicitly set `max_features='sqrt'` or remove this parameter as it is also the default value for RandomForestClassifiers and ExtraTreesClassifiers.
  warn(
/home/ilc/midir/miniconda3/envs/ml-env/lib/python3.10/site-packages/sklearn/ensemble/_forest.py:424: FutureWarning: `max_features='auto'` has been deprecated in 1.1 and will be removed in 1.3. To keep the past behaviour, explicitly set `max_features='sqrt'` or remove this parameter as it is also the default value for RandomForestClassifiers and ExtraTreesClassifiers.
  warn(
/home/ilc/midir/miniconda3/envs/ml-env/lib/python3.10/site-packages/sklearn/ensemble/_forest.py:424: FutureWarning: `max_features='auto'` has been deprecated in 1.1 and will be removed in 1.3. To keep the past behaviour, explicitly set `max_features='sqrt'` or remove this parameter as it is also the default value for RandomForestClassifiers and ExtraTreesClassifiers.
  warn(
/home/ilc/midir/miniconda3/envs/ml-env/lib/python3.10/site-packages/sklearn/ensemble/_forest.py:424: FutureWarning: `max_features='auto'` has been deprecated in 1.1 and will be removed in 1.3. To keep the past behaviour, explicitly set `max_features='sqrt'` or remove this parameter as it is also the default value for RandomForestClassifiers and ExtraTreesClassifiers.
  warn(
/home/ilc/midir/miniconda3/envs/ml-env/lib/python3.10/site-packages/sklearn/ensemble/_forest.py:424: FutureWarning: `max_features='auto'` has been deprecated in 1.1 and will be removed in 1.3. To keep the past behaviour, explicitly set `max_features='sqrt'` or remove this parameter as it is also the default value for RandomForestClassifiers and ExtraTreesClassifiers.
  warn(
/home/ilc/midir/miniconda3/envs/ml-env/lib/python3.10/site-packages/sklearn/ensemble/_forest.py:424: FutureWarning: `max_features='auto'` has been deprecated in 1.1 and will be removed in 1.3. To keep the past behaviour, explicitly set `max_features='sqrt'` or remove this parameter as it is also the default value for RandomForestClassifiers and ExtraTreesClassifiers.
  warn(
/home/ilc/midir/miniconda3/envs/ml-env/lib/python3.10/site-packages/sklearn/ensemble/_forest.py:424: FutureWarning: `max_features='auto'` has been deprecated in 1.1 and will be removed in 1.3. To keep the past behaviour, explicitly set `max_features='sqrt'` or remove this parameter as it is also the default value for RandomForestClassifiers and ExtraTreesClassifiers.
  warn(
[CV] END max_depth=None, max_features=sqrt, min_samples_split=10, n_estimators=100; total time=  23.1s
[CV] END max_depth=None, max_features=sqrt, min_samples_split=10, n_estimators=100; total time=  26.1s
[CV] END max_depth=None, max_features=sqrt, min_samples_split=10, n_estimators=100; total time=  22.1s
[CV] END max_depth=None, max_features=sqrt, min_samples_split=10, n_estimators=300; total time= 1.2min
[CV] END max_depth=None, max_features=sqrt, min_samples_split=10, n_estimators=300; total time= 1.2min
[CV] END max_depth=None, max_features=sqrt, min_samples_split=10, n_estimators=300; total time= 1.3min
[CV] END max_depth=None, max_features=sqrt, min_samples_split=10, n_estimators=300; total time= 1.2min
[CV] END max_depth=None, max_features=sqrt, min_samples_split=10, n_estimators=300; total time= 1.2min
[CV] END max_depth=None, max_features=sqrt, min_samples_split=10, n_estimators=500; total time= 2.1min
[CV] END max_depth=None, max_features=sqrt, min_samples_split=10, n_estimators=500; total time= 1.8min
[CV] END max_depth=None, max_features=sqrt, min_samples_split=10, n_estimators=500; total time= 2.1min
[CV] END max_depth=None, max_features=sqrt, min_samples_split=10, n_estimators=500; total time= 1.9min
[CV] END max_depth=None, max_features=sqrt, min_samples_split=10, n_estimators=500; total time= 1.7min
[CV] END max_depth=None, max_features=log2, min_samples_split=2, n_estimators=100; total time=  25.1s
[CV] END max_depth=None, max_features=log2, min_samples_split=2, n_estimators=100; total time=  24.0s
[CV] END max_depth=None, max_features=log2, min_samples_split=2, n_estimators=100; total time=  27.3s
[CV] END max_depth=None, max_features=log2, min_samples_split=2, n_estimators=100; total time=  25.8s
[CV] END max_depth=None, max_features=log2, min_samples_split=2, n_estimators=100; total time=  27.7s
[CV] END max_depth=None, max_features=log2, min_samples_split=2, n_estimators=300; total time= 1.2min
[CV] END max_depth=None, max_features=log2, min_samples_split=2, n_estimators=300; total time= 1.2min
[CV] END max_depth=None, max_features=log2, min_samples_split=2, n_estimators=300; total time= 1.1min
[CV] END max_depth=None, max_features=log2, min_samples_split=2, n_estimators=300; total time= 1.0min
[CV] END max_depth=None, max_features=log2, min_samples_split=2, n_estimators=300; total time=  54.6s
[CV] END max_depth=None, max_features=log2, min_samples_split=2, n_estimators=500; total time= 1.7min
[CV] END max_depth=None, max_features=log2, min_samples_split=2, n_estimators=500; total time= 1.8min
[CV] END max_depth=None, max_features=log2, min_samples_split=2, n_estimators=500; total time= 1.9min
[CV] END max_depth=None, max_features=log2, min_samples_split=2, n_estimators=500; total time= 1.6min
[CV] END max_depth=None, max_features=log2, min_samples_split=2, n_estimators=500; total time= 1.6min
[CV] END max_depth=None, max_features=log2, min_samples_split=5, n_estimators=100; total time=  20.3s
[CV] END max_depth=None, max_features=log2, min_samples_split=5, n_estimators=100; total time=  27.2s
[CV] END max_depth=None, max_features=log2, min_samples_split=5, n_estimators=100; total time=  29.6s
[CV] END max_depth=None, max_features=log2, min_samples_split=5, n_estimators=100; total time=  28.6s
[CV] END max_depth=None, max_features=log2, min_samples_split=5, n_estimators=100; total time=  19.3s
[CV] END max_depth=None, max_features=log2, min_samples_split=5, n_estimators=300; total time=  55.1s
[CV] END max_depth=None, max_features=log2, min_samples_split=5, n_estimators=300; total time= 1.1min
[CV] END max_depth=None, max_features=log2, min_samples_split=5, n_estimators=300; total time= 1.1min
[CV] END max_depth=None, max_features=log2, min_samples_split=5, n_estimators=300; total time=  57.9s
[CV] END max_depth=None, max_features=log2, min_samples_split=5, n_estimators=300; total time=  58.1s
[CV] END max_depth=None, max_features=log2, min_samples_split=5, n_estimators=500; total time= 1.5min
[CV] END max_depth=None, max_features=log2, min_samples_split=5, n_estimators=500; total time= 1.6min
[CV] END max_depth=None, max_features=log2, min_samples_split=5, n_estimators=500; total time= 1.5min
[CV] END max_depth=None, max_features=log2, min_samples_split=5, n_estimators=500; total time= 1.4min
[CV] END max_depth=None, max_features=log2, min_samples_split=5, n_estimators=500; total time= 1.7min
[CV] END max_depth=None, max_features=log2, min_samples_split=10, n_estimators=100; total time=  21.6s
[CV] END max_depth=None, max_features=log2, min_samples_split=10, n_estimators=100; total time=  23.7s
[CV] END max_depth=None, max_features=log2, min_samples_split=10, n_estimators=100; total time=  27.9s
[CV] END max_depth=None, max_features=log2, min_samples_split=10, n_estimators=100; total time=  31.5s
[CV] END max_depth=None, max_features=log2, min_samples_split=10, n_estimators=100; total time=  24.5s
[CV] END max_depth=None, max_features=log2, min_samples_split=10, n_estimators=300; total time= 1.0min
[CV] END max_depth=None, max_features=log2, min_samples_split=10, n_estimators=300; total time=  56.9s
[CV] END max_depth=None, max_features=log2, min_samples_split=10, n_estimators=300; total time=  54.2s
[CV] END max_depth=None, max_features=log2, min_samples_split=10, n_estimators=300; total time= 1.1min
[CV] END max_depth=None, max_features=log2, min_samples_split=10, n_estimators=300; total time= 1.0min
[CV] END max_depth=None, max_features=log2, min_samples_split=10, n_estimators=500; total time= 1.6min
[CV] END max_depth=None, max_features=log2, min_samples_split=10, n_estimators=500; total time= 1.5min
[CV] END max_depth=None, max_features=log2, min_samples_split=10, n_estimators=500; total time= 1.9min
[CV] END max_depth=None, max_features=log2, min_samples_split=10, n_estimators=500; total time= 1.6min
[CV] END max_depth=None, max_features=log2, min_samples_split=10, n_estimators=500; total time= 1.7min
[CV] END max_depth=10, max_features=auto, min_samples_split=2, n_estimators=100; total time=  15.0s
[CV] END max_depth=10, max_features=auto, min_samples_split=2, n_estimators=100; total time=  16.1s
[CV] END max_depth=10, max_features=auto, min_samples_split=2, n_estimators=100; total time=  18.2s
[CV] END max_depth=10, max_features=auto, min_samples_split=2, n_estimators=100; total time=  14.0s
[CV] END max_depth=10, max_features=auto, min_samples_split=2, n_estimators=100; total time=  18.3s
[CV] END max_depth=10, max_features=auto, min_samples_split=2, n_estimators=300; total time=  43.2s
[CV] END max_depth=10, max_features=auto, min_samples_split=2, n_estimators=300; total time=  46.3s
[CV] END max_depth=10, max_features=auto, min_samples_split=2, n_estimators=300; total time=  39.5s
[CV] END max_depth=10, max_features=auto, min_samples_split=2, n_estimators=300; total time=  38.7s
[CV] END max_depth=10, max_features=auto, min_samples_split=2, n_estimators=300; total time=  48.1s
[CV] END max_depth=10, max_features=auto, min_samples_split=2, n_estimators=500; total time= 1.1min
[CV] END max_depth=10, max_features=auto, min_samples_split=2, n_estimators=500; total time= 1.2min
[CV] END max_depth=10, max_features=auto, min_samples_split=2, n_estimators=500; total time=  54.4s
[CV] END max_depth=10, max_features=auto, min_samples_split=2, n_estimators=500; total time= 1.1min
[CV] END max_depth=10, max_features=auto, min_samples_split=2, n_estimators=500; total time= 1.1min
[CV] END max_depth=10, max_features=auto, min_samples_split=5, n_estimators=100; total time=  18.8s
[CV] END max_depth=10, max_features=auto, min_samples_split=5, n_estimators=100; total time=  17.0s
[CV] END max_depth=10, max_features=auto, min_samples_split=5, n_estimators=100; total time=  15.8s
[CV] END max_depth=10, max_features=auto, min_samples_split=5, n_estimators=100; total time=  17.9s
[CV] END max_depth=10, max_features=auto, min_samples_split=5, n_estimators=100; total time=  16.7s
[CV] END max_depth=10, max_features=auto, min_samples_split=5, n_estimators=300; total time=  37.0s
[CV] END max_depth=10, max_features=auto, min_samples_split=5, n_estimators=300; total time=  41.8s
/home/ilc/midir/miniconda3/envs/ml-env/lib/python3.10/site-packages/sklearn/ensemble/_forest.py:424: FutureWarning: `max_features='auto'` has been deprecated in 1.1 and will be removed in 1.3. To keep the past behaviour, explicitly set `max_features='sqrt'` or remove this parameter as it is also the default value for RandomForestClassifiers and ExtraTreesClassifiers.
  warn(
/home/ilc/midir/miniconda3/envs/ml-env/lib/python3.10/site-packages/sklearn/ensemble/_forest.py:424: FutureWarning: `max_features='auto'` has been deprecated in 1.1 and will be removed in 1.3. To keep the past behaviour, explicitly set `max_features='sqrt'` or remove this parameter as it is also the default value for RandomForestClassifiers and ExtraTreesClassifiers.
  warn(
/home/ilc/midir/miniconda3/envs/ml-env/lib/python3.10/site-packages/sklearn/ensemble/_forest.py:424: FutureWarning: `max_features='auto'` has been deprecated in 1.1 and will be removed in 1.3. To keep the past behaviour, explicitly set `max_features='sqrt'` or remove this parameter as it is also the default value for RandomForestClassifiers and ExtraTreesClassifiers.
  warn(
/home/ilc/midir/miniconda3/envs/ml-env/lib/python3.10/site-packages/sklearn/ensemble/_forest.py:424: FutureWarning: `max_features='auto'` has been deprecated in 1.1 and will be removed in 1.3. To keep the past behaviour, explicitly set `max_features='sqrt'` or remove this parameter as it is also the default value for RandomForestClassifiers and ExtraTreesClassifiers.
  warn(
/home/ilc/midir/miniconda3/envs/ml-env/lib/python3.10/site-packages/sklearn/ensemble/_forest.py:424: FutureWarning: `max_features='auto'` has been deprecated in 1.1 and will be removed in 1.3. To keep the past behaviour, explicitly set `max_features='sqrt'` or remove this parameter as it is also the default value for RandomForestClassifiers and ExtraTreesClassifiers.
  warn(
/home/ilc/midir/miniconda3/envs/ml-env/lib/python3.10/site-packages/sklearn/ensemble/_forest.py:424: FutureWarning: `max_features='auto'` has been deprecated in 1.1 and will be removed in 1.3. To keep the past behaviour, explicitly set `max_features='sqrt'` or remove this parameter as it is also the default value for RandomForestClassifiers and ExtraTreesClassifiers.
  warn(
/home/ilc/midir/miniconda3/envs/ml-env/lib/python3.10/site-packages/sklearn/ensemble/_forest.py:424: FutureWarning: `max_features='auto'` has been deprecated in 1.1 and will be removed in 1.3. To keep the past behaviour, explicitly set `max_features='sqrt'` or remove this parameter as it is also the default value for RandomForestClassifiers and ExtraTreesClassifiers.
  warn(
/home/ilc/midir/miniconda3/envs/ml-env/lib/python3.10/site-packages/sklearn/ensemble/_forest.py:424: FutureWarning: `max_features='auto'` has been deprecated in 1.1 and will be removed in 1.3. To keep the past behaviour, explicitly set `max_features='sqrt'` or remove this parameter as it is also the default value for RandomForestClassifiers and ExtraTreesClassifiers.
  warn(
/home/ilc/midir/miniconda3/envs/ml-env/lib/python3.10/site-packages/sklearn/ensemble/_forest.py:424: FutureWarning: `max_features='auto'` has been deprecated in 1.1 and will be removed in 1.3. To keep the past behaviour, explicitly set `max_features='sqrt'` or remove this parameter as it is also the default value for RandomForestClassifiers and ExtraTreesClassifiers.
  warn(
/home/ilc/midir/miniconda3/envs/ml-env/lib/python3.10/site-packages/sklearn/ensemble/_forest.py:424: FutureWarning: `max_features='auto'` has been deprecated in 1.1 and will be removed in 1.3. To keep the past behaviour, explicitly set `max_features='sqrt'` or remove this parameter as it is also the default value for RandomForestClassifiers and ExtraTreesClassifiers.
  warn(
/home/ilc/midir/miniconda3/envs/ml-env/lib/python3.10/site-packages/sklearn/ensemble/_forest.py:424: FutureWarning: `max_features='auto'` has been deprecated in 1.1 and will be removed in 1.3. To keep the past behaviour, explicitly set `max_features='sqrt'` or remove this parameter as it is also the default value for RandomForestClassifiers and ExtraTreesClassifiers.
  warn(
/home/ilc/midir/miniconda3/envs/ml-env/lib/python3.10/site-packages/sklearn/ensemble/_forest.py:424: FutureWarning: `max_features='auto'` has been deprecated in 1.1 and will be removed in 1.3. To keep the past behaviour, explicitly set `max_features='sqrt'` or remove this parameter as it is also the default value for RandomForestClassifiers and ExtraTreesClassifiers.
  warn(
/home/ilc/midir/miniconda3/envs/ml-env/lib/python3.10/site-packages/sklearn/ensemble/_forest.py:424: FutureWarning: `max_features='auto'` has been deprecated in 1.1 and will be removed in 1.3. To keep the past behaviour, explicitly set `max_features='sqrt'` or remove this parameter as it is also the default value for RandomForestClassifiers and ExtraTreesClassifiers.
  warn(
/home/ilc/midir/miniconda3/envs/ml-env/lib/python3.10/site-packages/sklearn/ensemble/_forest.py:424: FutureWarning: `max_features='auto'` has been deprecated in 1.1 and will be removed in 1.3. To keep the past behaviour, explicitly set `max_features='sqrt'` or remove this parameter as it is also the default value for RandomForestClassifiers and ExtraTreesClassifiers.
  warn(
/home/ilc/midir/miniconda3/envs/ml-env/lib/python3.10/site-packages/sklearn/ensemble/_forest.py:424: FutureWarning: `max_features='auto'` has been deprecated in 1.1 and will be removed in 1.3. To keep the past behaviour, explicitly set `max_features='sqrt'` or remove this parameter as it is also the default value for RandomForestClassifiers and ExtraTreesClassifiers.
  warn(
/home/ilc/midir/miniconda3/envs/ml-env/lib/python3.10/site-packages/sklearn/ensemble/_forest.py:424: FutureWarning: `max_features='auto'` has been deprecated in 1.1 and will be removed in 1.3. To keep the past behaviour, explicitly set `max_features='sqrt'` or remove this parameter as it is also the default value for RandomForestClassifiers and ExtraTreesClassifiers.
  warn(
/home/ilc/midir/miniconda3/envs/ml-env/lib/python3.10/site-packages/sklearn/ensemble/_forest.py:424: FutureWarning: `max_features='auto'` has been deprecated in 1.1 and will be removed in 1.3. To keep the past behaviour, explicitly set `max_features='sqrt'` or remove this parameter as it is also the default value for RandomForestClassifiers and ExtraTreesClassifiers.
  warn(
/home/ilc/midir/miniconda3/envs/ml-env/lib/python3.10/site-packages/sklearn/ensemble/_forest.py:424: FutureWarning: `max_features='auto'` has been deprecated in 1.1 and will be removed in 1.3. To keep the past behaviour, explicitly set `max_features='sqrt'` or remove this parameter as it is also the default value for RandomForestClassifiers and ExtraTreesClassifiers.
  warn(
/home/ilc/midir/miniconda3/envs/ml-env/lib/python3.10/site-packages/sklearn/ensemble/_forest.py:424: FutureWarning: `max_features='auto'` has been deprecated in 1.1 and will be removed in 1.3. To keep the past behaviour, explicitly set `max_features='sqrt'` or remove this parameter as it is also the default value for RandomForestClassifiers and ExtraTreesClassifiers.
  warn(
/home/ilc/midir/miniconda3/envs/ml-env/lib/python3.10/site-packages/sklearn/ensemble/_forest.py:424: FutureWarning: `max_features='auto'` has been deprecated in 1.1 and will be removed in 1.3. To keep the past behaviour, explicitly set `max_features='sqrt'` or remove this parameter as it is also the default value for RandomForestClassifiers and ExtraTreesClassifiers.
  warn(
/home/ilc/midir/miniconda3/envs/ml-env/lib/python3.10/site-packages/sklearn/ensemble/_forest.py:424: FutureWarning: `max_features='auto'` has been deprecated in 1.1 and will be removed in 1.3. To keep the past behaviour, explicitly set `max_features='sqrt'` or remove this parameter as it is also the default value for RandomForestClassifiers and ExtraTreesClassifiers.
  warn(
/home/ilc/midir/miniconda3/envs/ml-env/lib/python3.10/site-packages/sklearn/ensemble/_forest.py:424: FutureWarning: `max_features='auto'` has been deprecated in 1.1 and will be removed in 1.3. To keep the past behaviour, explicitly set `max_features='sqrt'` or remove this parameter as it is also the default value for RandomForestClassifiers and ExtraTreesClassifiers.
  warn(
/home/ilc/midir/miniconda3/envs/ml-env/lib/python3.10/site-packages/sklearn/ensemble/_forest.py:424: FutureWarning: `max_features='auto'` has been deprecated in 1.1 and will be removed in 1.3. To keep the past behaviour, explicitly set `max_features='sqrt'` or remove this parameter as it is also the default value for RandomForestClassifiers and ExtraTreesClassifiers.
  warn(
/home/ilc/midir/miniconda3/envs/ml-env/lib/python3.10/site-packages/sklearn/ensemble/_forest.py:424: FutureWarning: `max_features='auto'` has been deprecated in 1.1 and will be removed in 1.3. To keep the past behaviour, explicitly set `max_features='sqrt'` or remove this parameter as it is also the default value for RandomForestClassifiers and ExtraTreesClassifiers.
  warn(
/home/ilc/midir/miniconda3/envs/ml-env/lib/python3.10/site-packages/sklearn/ensemble/_forest.py:424: FutureWarning: `max_features='auto'` has been deprecated in 1.1 and will be removed in 1.3. To keep the past behaviour, explicitly set `max_features='sqrt'` or remove this parameter as it is also the default value for RandomForestClassifiers and ExtraTreesClassifiers.
  warn(
/home/ilc/midir/miniconda3/envs/ml-env/lib/python3.10/site-packages/sklearn/ensemble/_forest.py:424: FutureWarning: `max_features='auto'` has been deprecated in 1.1 and will be removed in 1.3. To keep the past behaviour, explicitly set `max_features='sqrt'` or remove this parameter as it is also the default value for RandomForestClassifiers and ExtraTreesClassifiers.
  warn(
/home/ilc/midir/miniconda3/envs/ml-env/lib/python3.10/site-packages/sklearn/ensemble/_forest.py:424: FutureWarning: `max_features='auto'` has been deprecated in 1.1 and will be removed in 1.3. To keep the past behaviour, explicitly set `max_features='sqrt'` or remove this parameter as it is also the default value for RandomForestClassifiers and ExtraTreesClassifiers.
  warn(
/home/ilc/midir/miniconda3/envs/ml-env/lib/python3.10/site-packages/sklearn/ensemble/_forest.py:424: FutureWarning: `max_features='auto'` has been deprecated in 1.1 and will be removed in 1.3. To keep the past behaviour, explicitly set `max_features='sqrt'` or remove this parameter as it is also the default value for RandomForestClassifiers and ExtraTreesClassifiers.
  warn(
/home/ilc/midir/miniconda3/envs/ml-env/lib/python3.10/site-packages/sklearn/ensemble/_forest.py:424: FutureWarning: `max_features='auto'` has been deprecated in 1.1 and will be removed in 1.3. To keep the past behaviour, explicitly set `max_features='sqrt'` or remove this parameter as it is also the default value for RandomForestClassifiers and ExtraTreesClassifiers.
  warn(
/home/ilc/midir/miniconda3/envs/ml-env/lib/python3.10/site-packages/sklearn/ensemble/_forest.py:424: FutureWarning: `max_features='auto'` has been deprecated in 1.1 and will be removed in 1.3. To keep the past behaviour, explicitly set `max_features='sqrt'` or remove this parameter as it is also the default value for RandomForestClassifiers and ExtraTreesClassifiers.
  warn(
/home/ilc/midir/miniconda3/envs/ml-env/lib/python3.10/site-packages/sklearn/ensemble/_forest.py:424: FutureWarning: `max_features='auto'` has been deprecated in 1.1 and will be removed in 1.3. To keep the past behaviour, explicitly set `max_features='sqrt'` or remove this parameter as it is also the default value for RandomForestClassifiers and ExtraTreesClassifiers.
  warn(
/home/ilc/midir/miniconda3/envs/ml-env/lib/python3.10/site-packages/sklearn/ensemble/_forest.py:424: FutureWarning: `max_features='auto'` has been deprecated in 1.1 and will be removed in 1.3. To keep the past behaviour, explicitly set `max_features='sqrt'` or remove this parameter as it is also the default value for RandomForestClassifiers and ExtraTreesClassifiers.
  warn(
/home/ilc/midir/miniconda3/envs/ml-env/lib/python3.10/site-packages/sklearn/ensemble/_forest.py:424: FutureWarning: `max_features='auto'` has been deprecated in 1.1 and will be removed in 1.3. To keep the past behaviour, explicitly set `max_features='sqrt'` or remove this parameter as it is also the default value for RandomForestClassifiers and ExtraTreesClassifiers.
  warn(
/home/ilc/midir/miniconda3/envs/ml-env/lib/python3.10/site-packages/sklearn/ensemble/_forest.py:424: FutureWarning: `max_features='auto'` has been deprecated in 1.1 and will be removed in 1.3. To keep the past behaviour, explicitly set `max_features='sqrt'` or remove this parameter as it is also the default value for RandomForestClassifiers and ExtraTreesClassifiers.
  warn(
/home/ilc/midir/miniconda3/envs/ml-env/lib/python3.10/site-packages/sklearn/ensemble/_forest.py:424: FutureWarning: `max_features='auto'` has been deprecated in 1.1 and will be removed in 1.3. To keep the past behaviour, explicitly set `max_features='sqrt'` or remove this parameter as it is also the default value for RandomForestClassifiers and ExtraTreesClassifiers.
  warn(
/home/ilc/midir/miniconda3/envs/ml-env/lib/python3.10/site-packages/sklearn/ensemble/_forest.py:424: FutureWarning: `max_features='auto'` has been deprecated in 1.1 and will be removed in 1.3. To keep the past behaviour, explicitly set `max_features='sqrt'` or remove this parameter as it is also the default value for RandomForestClassifiers and ExtraTreesClassifiers.
  warn(
/home/ilc/midir/miniconda3/envs/ml-env/lib/python3.10/site-packages/sklearn/ensemble/_forest.py:424: FutureWarning: `max_features='auto'` has been deprecated in 1.1 and will be removed in 1.3. To keep the past behaviour, explicitly set `max_features='sqrt'` or remove this parameter as it is also the default value for RandomForestClassifiers and ExtraTreesClassifiers.
  warn(
/home/ilc/midir/miniconda3/envs/ml-env/lib/python3.10/site-packages/sklearn/ensemble/_forest.py:424: FutureWarning: `max_features='auto'` has been deprecated in 1.1 and will be removed in 1.3. To keep the past behaviour, explicitly set `max_features='sqrt'` or remove this parameter as it is also the default value for RandomForestClassifiers and ExtraTreesClassifiers.
  warn(
/home/ilc/midir/miniconda3/envs/ml-env/lib/python3.10/site-packages/sklearn/ensemble/_forest.py:424: FutureWarning: `max_features='auto'` has been deprecated in 1.1 and will be removed in 1.3. To keep the past behaviour, explicitly set `max_features='sqrt'` or remove this parameter as it is also the default value for RandomForestClassifiers and ExtraTreesClassifiers.
  warn(
/home/ilc/midir/miniconda3/envs/ml-env/lib/python3.10/site-packages/sklearn/ensemble/_forest.py:424: FutureWarning: `max_features='auto'` has been deprecated in 1.1 and will be removed in 1.3. To keep the past behaviour, explicitly set `max_features='sqrt'` or remove this parameter as it is also the default value for RandomForestClassifiers and ExtraTreesClassifiers.
  warn(
/home/ilc/midir/miniconda3/envs/ml-env/lib/python3.10/site-packages/sklearn/ensemble/_forest.py:424: FutureWarning: `max_features='auto'` has been deprecated in 1.1 and will be removed in 1.3. To keep the past behaviour, explicitly set `max_features='sqrt'` or remove this parameter as it is also the default value for RandomForestClassifiers and ExtraTreesClassifiers.
  warn(
/home/ilc/midir/miniconda3/envs/ml-env/lib/python3.10/site-packages/sklearn/ensemble/_forest.py:424: FutureWarning: `max_features='auto'` has been deprecated in 1.1 and will be removed in 1.3. To keep the past behaviour, explicitly set `max_features='sqrt'` or remove this parameter as it is also the default value for RandomForestClassifiers and ExtraTreesClassifiers.
  warn(
/home/ilc/midir/miniconda3/envs/ml-env/lib/python3.10/site-packages/sklearn/ensemble/_forest.py:424: FutureWarning: `max_features='auto'` has been deprecated in 1.1 and will be removed in 1.3. To keep the past behaviour, explicitly set `max_features='sqrt'` or remove this parameter as it is also the default value for RandomForestClassifiers and ExtraTreesClassifiers.
  warn(
/home/ilc/midir/miniconda3/envs/ml-env/lib/python3.10/site-packages/sklearn/ensemble/_forest.py:424: FutureWarning: `max_features='auto'` has been deprecated in 1.1 and will be removed in 1.3. To keep the past behaviour, explicitly set `max_features='sqrt'` or remove this parameter as it is also the default value for RandomForestClassifiers and ExtraTreesClassifiers.
  warn(
/home/ilc/midir/miniconda3/envs/ml-env/lib/python3.10/site-packages/sklearn/ensemble/_forest.py:424: FutureWarning: `max_features='auto'` has been deprecated in 1.1 and will be removed in 1.3. To keep the past behaviour, explicitly set `max_features='sqrt'` or remove this parameter as it is also the default value for RandomForestClassifiers and ExtraTreesClassifiers.
  warn(
[CV] END max_depth=10, max_features=auto, min_samples_split=5, n_estimators=300; total time=  41.3s
[CV] END max_depth=10, max_features=auto, min_samples_split=5, n_estimators=300; total time=  37.1s
[CV] END max_depth=10, max_features=auto, min_samples_split=5, n_estimators=300; total time=  47.3s
[CV] END max_depth=10, max_features=auto, min_samples_split=5, n_estimators=500; total time=  55.9s
[CV] END max_depth=10, max_features=auto, min_samples_split=5, n_estimators=500; total time= 1.2min
[CV] END max_depth=10, max_features=auto, min_samples_split=5, n_estimators=500; total time= 1.1min
[CV] END max_depth=10, max_features=auto, min_samples_split=5, n_estimators=500; total time=  57.4s
[CV] END max_depth=10, max_features=auto, min_samples_split=5, n_estimators=500; total time= 1.0min
[CV] END max_depth=10, max_features=auto, min_samples_split=10, n_estimators=100; total time=  21.6s
[CV] END max_depth=10, max_features=auto, min_samples_split=10, n_estimators=100; total time=  20.9s
[CV] END max_depth=10, max_features=auto, min_samples_split=10, n_estimators=100; total time=  17.2s
[CV] END max_depth=10, max_features=auto, min_samples_split=10, n_estimators=100; total time=  16.5s
[CV] END max_depth=10, max_features=auto, min_samples_split=10, n_estimators=100; total time=  16.1s
[CV] END max_depth=10, max_features=auto, min_samples_split=10, n_estimators=300; total time=  40.3s
[CV] END max_depth=10, max_features=auto, min_samples_split=10, n_estimators=300; total time=  35.5s
[CV] END max_depth=10, max_features=auto, min_samples_split=10, n_estimators=300; total time=  36.7s
[CV] END max_depth=10, max_features=auto, min_samples_split=10, n_estimators=300; total time=  38.9s
[CV] END max_depth=10, max_features=auto, min_samples_split=10, n_estimators=300; total time=  38.9s
[CV] END max_depth=10, max_features=auto, min_samples_split=10, n_estimators=500; total time= 1.1min
[CV] END max_depth=10, max_features=auto, min_samples_split=10, n_estimators=500; total time= 1.0min
[CV] END max_depth=10, max_features=auto, min_samples_split=10, n_estimators=500; total time=  56.4s
[CV] END max_depth=10, max_features=auto, min_samples_split=10, n_estimators=500; total time= 1.1min
[CV] END max_depth=10, max_features=auto, min_samples_split=10, n_estimators=500; total time= 1.1min
[CV] END max_depth=10, max_features=sqrt, min_samples_split=2, n_estimators=100; total time=  17.5s
[CV] END max_depth=10, max_features=sqrt, min_samples_split=2, n_estimators=100; total time=  15.2s
[CV] END max_depth=10, max_features=sqrt, min_samples_split=2, n_estimators=100; total time=  15.1s
[CV] END max_depth=10, max_features=sqrt, min_samples_split=2, n_estimators=100; total time=  16.6s
[CV] END max_depth=10, max_features=sqrt, min_samples_split=2, n_estimators=100; total time=  18.4s
[CV] END max_depth=10, max_features=sqrt, min_samples_split=2, n_estimators=300; total time=  48.1s
[CV] END max_depth=10, max_features=sqrt, min_samples_split=2, n_estimators=300; total time=  44.2s
[CV] END max_depth=10, max_features=sqrt, min_samples_split=2, n_estimators=300; total time=  40.4s
[CV] END max_depth=10, max_features=sqrt, min_samples_split=2, n_estimators=300; total time=  38.9s
[CV] END max_depth=10, max_features=sqrt, min_samples_split=2, n_estimators=300; total time=  43.0s
[CV] END max_depth=10, max_features=sqrt, min_samples_split=2, n_estimators=500; total time= 1.1min
[CV] END max_depth=10, max_features=sqrt, min_samples_split=2, n_estimators=500; total time=  55.3s
[CV] END max_depth=10, max_features=sqrt, min_samples_split=2, n_estimators=500; total time=  58.4s
[CV] END max_depth=10, max_features=sqrt, min_samples_split=2, n_estimators=500; total time= 1.1min
[CV] END max_depth=10, max_features=sqrt, min_samples_split=2, n_estimators=500; total time= 1.2min
[CV] END max_depth=10, max_features=sqrt, min_samples_split=5, n_estimators=100; total time=  14.3s
[CV] END max_depth=10, max_features=sqrt, min_samples_split=5, n_estimators=100; total time=  17.4s
[CV] END max_depth=10, max_features=sqrt, min_samples_split=5, n_estimators=100; total time=  16.6s
[CV] END max_depth=10, max_features=sqrt, min_samples_split=5, n_estimators=100; total time=  15.3s
[CV] END max_depth=10, max_features=sqrt, min_samples_split=5, n_estimators=100; total time=  12.9s
[CV] END max_depth=10, max_features=sqrt, min_samples_split=5, n_estimators=300; total time=  34.4s
[CV] END max_depth=10, max_features=sqrt, min_samples_split=5, n_estimators=300; total time=  38.1s
[CV] END max_depth=10, max_features=sqrt, min_samples_split=5, n_estimators=300; total time=  36.3s
[CV] END max_depth=10, max_features=sqrt, min_samples_split=5, n_estimators=300; total time=  42.2s
[CV] END max_depth=10, max_features=sqrt, min_samples_split=5, n_estimators=300; total time=  45.7s
[CV] END max_depth=10, max_features=sqrt, min_samples_split=5, n_estimators=500; total time=  58.4s
[CV] END max_depth=10, max_features=sqrt, min_samples_split=5, n_estimators=500; total time= 1.1min
[CV] END max_depth=10, max_features=sqrt, min_samples_split=5, n_estimators=500; total time=  55.3s
[CV] END max_depth=10, max_features=sqrt, min_samples_split=5, n_estimators=500; total time=  58.5s
[CV] END max_depth=10, max_features=sqrt, min_samples_split=5, n_estimators=500; total time= 1.0min
[CV] END max_depth=10, max_features=sqrt, min_samples_split=10, n_estimators=100; total time=  17.2s
[CV] END max_depth=10, max_features=sqrt, min_samples_split=10, n_estimators=100; total time=  16.0s
[CV] END max_depth=10, max_features=sqrt, min_samples_split=10, n_estimators=100; total time=  19.0s
[CV] END max_depth=10, max_features=sqrt, min_samples_split=10, n_estimators=100; total time=  19.1s
[CV] END max_depth=10, max_features=sqrt, min_samples_split=10, n_estimators=100; total time=  17.5s
[CV] END max_depth=10, max_features=sqrt, min_samples_split=10, n_estimators=300; total time=  37.8s
[CV] END max_depth=10, max_features=sqrt, min_samples_split=10, n_estimators=300; total time=  36.9s
[CV] END max_depth=10, max_features=sqrt, min_samples_split=10, n_estimators=300; total time=  44.9s
[CV] END max_depth=10, max_features=sqrt, min_samples_split=10, n_estimators=300; total time=  47.9s
[CV] END max_depth=10, max_features=sqrt, min_samples_split=10, n_estimators=300; total time=  39.8s
[CV] END max_depth=10, max_features=sqrt, min_samples_split=10, n_estimators=500; total time= 1.1min
[CV] END max_depth=10, max_features=sqrt, min_samples_split=10, n_estimators=500; total time= 1.2min
[CV] END max_depth=10, max_features=sqrt, min_samples_split=10, n_estimators=500; total time= 1.1min
[CV] END max_depth=10, max_features=sqrt, min_samples_split=10, n_estimators=500; total time=  59.5s
[CV] END max_depth=10, max_features=sqrt, min_samples_split=10, n_estimators=500; total time= 1.1min
[CV] END max_depth=10, max_features=log2, min_samples_split=2, n_estimators=100; total time=  14.7s
[CV] END max_depth=10, max_features=log2, min_samples_split=2, n_estimators=100; total time=  16.5s
[CV] END max_depth=10, max_features=log2, min_samples_split=2, n_estimators=100; total time=  12.3s
[CV] END max_depth=10, max_features=log2, min_samples_split=2, n_estimators=100; total time=  14.4s
[CV] END max_depth=10, max_features=log2, min_samples_split=2, n_estimators=100; total time=  16.0s
[CV] END max_depth=10, max_features=log2, min_samples_split=2, n_estimators=300; total time=  28.7s
[CV] END max_depth=10, max_features=log2, min_samples_split=2, n_estimators=300; total time=  36.5s
[CV] END max_depth=10, max_features=log2, min_samples_split=2, n_estimators=300; total time=  35.7s
[CV] END max_depth=10, max_features=log2, min_samples_split=2, n_estimators=300; total time=  32.0s
[CV] END max_depth=10, max_features=log2, min_samples_split=2, n_estimators=300; total time=  30.8s
[CV] END max_depth=10, max_features=log2, min_samples_split=2, n_estimators=500; total time=  50.9s
[CV] END max_depth=10, max_features=log2, min_samples_split=2, n_estimators=500; total time=  49.6s
[CV] END max_depth=10, max_features=log2, min_samples_split=2, n_estimators=500; total time= 1.0min
[CV] END max_depth=10, max_features=log2, min_samples_split=2, n_estimators=500; total time=  46.7s
[CV] END max_depth=10, max_features=log2, min_samples_split=2, n_estimators=500; total time=  51.6s
[CV] END max_depth=10, max_features=log2, min_samples_split=5, n_estimators=100; total time=  14.0s
[CV] END max_depth=10, max_features=log2, min_samples_split=5, n_estimators=100; total time=  12.7s
[CV] END max_depth=10, max_features=log2, min_samples_split=5, n_estimators=100; total time=  11.6s
[CV] END max_depth=10, max_features=log2, min_samples_split=5, n_estimators=100; total time=  11.7s
[CV] END max_depth=10, max_features=log2, min_samples_split=5, n_estimators=100; total time=  14.2s
[CV] END max_depth=10, max_features=log2, min_samples_split=5, n_estimators=300; total time=  34.5s
[CV] END max_depth=10, max_features=log2, min_samples_split=5, n_estimators=300; total time=  33.1s
[CV] END max_depth=10, max_features=log2, min_samples_split=5, n_estimators=300; total time=  34.5s
[CV] END max_depth=10, max_features=log2, min_samples_split=5, n_estimators=300; total time=  32.6s
[CV] END max_depth=10, max_features=log2, min_samples_split=5, n_estimators=300; total time=  29.2s
[CV] END max_depth=10, max_features=log2, min_samples_split=5, n_estimators=500; total time=  51.2s
[CV] END max_depth=10, max_features=log2, min_samples_split=5, n_estimators=500; total time=  53.9s
[CV] END max_depth=10, max_features=log2, min_samples_split=5, n_estimators=500; total time=  49.6s
[CV] END max_depth=10, max_features=log2, min_samples_split=5, n_estimators=500; total time=  56.5s
[CV] END max_depth=10, max_features=log2, min_samples_split=5, n_estimators=500; total time=  54.2s
[CV] END max_depth=10, max_features=log2, min_samples_split=10, n_estimators=100; total time=  14.1s
[CV] END max_depth=10, max_features=log2, min_samples_split=10, n_estimators=100; total time=  13.4s
[CV] END max_depth=10, max_features=log2, min_samples_split=10, n_estimators=100; total time=  12.2s
[CV] END max_depth=10, max_features=log2, min_samples_split=10, n_estimators=100; total time=  12.1s
[CV] END max_depth=10, max_features=log2, min_samples_split=10, n_estimators=100; total time=  12.8s
[CV] END max_depth=10, max_features=log2, min_samples_split=10, n_estimators=300; total time=  33.1s
[CV] END max_depth=10, max_features=log2, min_samples_split=10, n_estimators=300; total time=  29.8s
[CV] END max_depth=10, max_features=log2, min_samples_split=10, n_estimators=300; total time=  34.2s
[CV] END max_depth=10, max_features=log2, min_samples_split=10, n_estimators=300; total time=  32.5s
[CV] END max_depth=10, max_features=log2, min_samples_split=10, n_estimators=300; total time=  30.7s
[CV] END max_depth=10, max_features=log2, min_samples_split=10, n_estimators=500; total time=  48.1s
[CV] END max_depth=10, max_features=log2, min_samples_split=10, n_estimators=500; total time=  50.1s
[CV] END max_depth=10, max_features=log2, min_samples_split=10, n_estimators=500; total time=  46.7s
[CV] END max_depth=10, max_features=log2, min_samples_split=10, n_estimators=500; total time=  53.7s
[CV] END max_depth=10, max_features=log2, min_samples_split=10, n_estimators=500; total time=  49.5s
[CV] END max_depth=20, max_features=auto, min_samples_split=2, n_estimators=100; total time=  23.1s
[CV] END max_depth=20, max_features=auto, min_samples_split=2, n_estimators=100; total time=  27.9s
[CV] END max_depth=20, max_features=auto, min_samples_split=2, n_estimators=100; total time=  27.9s
[CV] END max_depth=20, max_features=auto, min_samples_split=2, n_estimators=100; total time=  33.6s
[CV] END max_depth=20, max_features=auto, min_samples_split=2, n_estimators=100; total time=  22.0s
[CV] END max_depth=20, max_features=auto, min_samples_split=2, n_estimators=300; total time= 1.0min
[CV] END max_depth=20, max_features=auto, min_samples_split=2, n_estimators=300; total time=  58.9s
[CV] END max_depth=20, max_features=auto, min_samples_split=2, n_estimators=300; total time= 1.1min
[CV] END max_depth=20, max_features=auto, min_samples_split=2, n_estimators=300; total time= 1.1min
[CV] END max_depth=20, max_features=auto, min_samples_split=2, n_estimators=300; total time= 1.0min
[CV] END max_depth=20, max_features=auto, min_samples_split=2, n_estimators=500; total time= 1.8min
[CV] END max_depth=20, max_features=auto, min_samples_split=2, n_estimators=500; total time= 1.6min
[CV] END max_depth=20, max_features=auto, min_samples_split=2, n_estimators=500; total time= 1.7min
[CV] END max_depth=20, max_features=auto, min_samples_split=2, n_estimators=500; total time= 1.9min
[CV] END max_depth=20, max_features=auto, min_samples_split=2, n_estimators=500; total time= 1.6min
[CV] END max_depth=20, max_features=auto, min_samples_split=5, n_estimators=100; total time=  21.5s
[CV] END max_depth=20, max_features=auto, min_samples_split=5, n_estimators=100; total time=  24.9s
[CV] END max_depth=20, max_features=auto, min_samples_split=5, n_estimators=100; total time=  24.8s
[CV] END max_depth=20, max_features=auto, min_samples_split=5, n_estimators=100; total time=  22.8s
[CV] END max_depth=20, max_features=auto, min_samples_split=5, n_estimators=100; total time=  23.6s
[CV] END max_depth=20, max_features=auto, min_samples_split=5, n_estimators=300; total time= 1.0min
[CV] END max_depth=20, max_features=auto, min_samples_split=5, n_estimators=300; total time=  57.4s
[CV] END max_depth=20, max_features=auto, min_samples_split=5, n_estimators=300; total time= 1.3min
[CV] END max_depth=20, max_features=auto, min_samples_split=5, n_estimators=300; total time= 1.0min
[CV] END max_depth=20, max_features=auto, min_samples_split=5, n_estimators=300; total time= 1.0min
[CV] END max_depth=20, max_features=auto, min_samples_split=5, n_estimators=500; total time= 1.8min
[CV] END max_depth=20, max_features=auto, min_samples_split=5, n_estimators=500; total time= 1.6min
[CV] END max_depth=20, max_features=auto, min_samples_split=5, n_estimators=500; total time= 1.9min
[CV] END max_depth=20, max_features=auto, min_samples_split=5, n_estimators=500; total time= 1.6min
[CV] END max_depth=20, max_features=auto, min_samples_split=5, n_estimators=500; total time= 1.8min
[CV] END max_depth=20, max_features=auto, min_samples_split=10, n_estimators=100; total time=  22.6s
[CV] END max_depth=20, max_features=auto, min_samples_split=10, n_estimators=100; total time=  24.0s
[CV] END max_depth=20, max_features=auto, min_samples_split=10, n_estimators=100; total time=  27.7s
[CV] END max_depth=20, max_features=auto, min_samples_split=10, n_estimators=100; total time=  24.5s
[CV] END max_depth=20, max_features=auto, min_samples_split=10, n_estimators=100; total time=  26.5s
[CV] END max_depth=20, max_features=auto, min_samples_split=10, n_estimators=300; total time= 1.1min
[CV] END max_depth=20, max_features=auto, min_samples_split=10, n_estimators=300; total time= 1.0min
[CV] END max_depth=20, max_features=auto, min_samples_split=10, n_estimators=300; total time= 1.0min
[CV] END max_depth=20, max_features=auto, min_samples_split=10, n_estimators=300; total time=  56.5s
[CV] END max_depth=20, max_features=auto, min_samples_split=10, n_estimators=300; total time=  58.3s
[CV] END max_depth=20, max_features=auto, min_samples_split=10, n_estimators=500; total time= 1.6min
[CV] END max_depth=20, max_features=auto, min_samples_split=10, n_estimators=500; total time= 1.6min
[CV] END max_depth=20, max_features=auto, min_samples_split=10, n_estimators=500; total time= 1.8min
[CV] END max_depth=20, max_features=auto, min_samples_split=10, n_estimators=500; total time= 1.5min
[CV] END max_depth=20, max_features=auto, min_samples_split=10, n_estimators=500; total time= 1.5min
[CV] END max_depth=20, max_features=sqrt, min_samples_split=2, n_estimators=100; total time=  22.7s
[CV] END max_depth=20, max_features=sqrt, min_samples_split=2, n_estimators=100; total time=  26.2s
[CV] END max_depth=20, max_features=sqrt, min_samples_split=2, n_estimators=100; total time=  26.0s
[CV] END max_depth=20, max_features=sqrt, min_samples_split=2, n_estimators=100; total time=  27.5s
/home/ilc/midir/miniconda3/envs/ml-env/lib/python3.10/site-packages/sklearn/ensemble/_forest.py:424: FutureWarning: `max_features='auto'` has been deprecated in 1.1 and will be removed in 1.3. To keep the past behaviour, explicitly set `max_features='sqrt'` or remove this parameter as it is also the default value for RandomForestClassifiers and ExtraTreesClassifiers.
  warn(
[CV] END max_depth=20, max_features=sqrt, min_samples_split=2, n_estimators=100; total time=  31.9s
[CV] END max_depth=20, max_features=sqrt, min_samples_split=2, n_estimators=300; total time= 1.1min
[CV] END max_depth=20, max_features=sqrt, min_samples_split=2, n_estimators=300; total time= 1.0min
[CV] END max_depth=20, max_features=sqrt, min_samples_split=2, n_estimators=300; total time=  55.3s
[CV] END max_depth=20, max_features=sqrt, min_samples_split=2, n_estimators=300; total time= 1.1min
[CV] END max_depth=20, max_features=sqrt, min_samples_split=2, n_estimators=300; total time= 1.1min
[CV] END max_depth=20, max_features=sqrt, min_samples_split=2, n_estimators=500; total time= 1.5min
[CV] END max_depth=20, max_features=sqrt, min_samples_split=2, n_estimators=500; total time= 1.6min
[CV] END max_depth=20, max_features=sqrt, min_samples_split=2, n_estimators=500; total time= 2.0min
[CV] END max_depth=20, max_features=sqrt, min_samples_split=2, n_estimators=500; total time= 1.6min
[CV] END max_depth=20, max_features=sqrt, min_samples_split=2, n_estimators=500; total time= 1.6min
[CV] END max_depth=20, max_features=sqrt, min_samples_split=5, n_estimators=100; total time=  24.2s
[CV] END max_depth=20, max_features=sqrt, min_samples_split=5, n_estimators=100; total time=  23.7s
[CV] END max_depth=20, max_features=sqrt, min_samples_split=5, n_estimators=100; total time=  22.5s
[CV] END max_depth=20, max_features=sqrt, min_samples_split=5, n_estimators=100; total time=  27.2s
[CV] END max_depth=20, max_features=sqrt, min_samples_split=5, n_estimators=100; total time=  26.8s
[CV] END max_depth=20, max_features=sqrt, min_samples_split=5, n_estimators=300; total time= 1.1min
[CV] END max_depth=20, max_features=sqrt, min_samples_split=5, n_estimators=300; total time= 1.1min
[CV] END max_depth=20, max_features=sqrt, min_samples_split=5, n_estimators=300; total time= 1.1min
[CV] END max_depth=20, max_features=sqrt, min_samples_split=5, n_estimators=300; total time=  59.2s
[CV] END max_depth=20, max_features=sqrt, min_samples_split=5, n_estimators=300; total time= 1.1min
[CV] END max_depth=20, max_features=sqrt, min_samples_split=5, n_estimators=500; total time= 1.6min
[CV] END max_depth=20, max_features=sqrt, min_samples_split=5, n_estimators=500; total time= 1.7min
[CV] END max_depth=20, max_features=sqrt, min_samples_split=5, n_estimators=500; total time= 1.9min
[CV] END max_depth=20, max_features=sqrt, min_samples_split=5, n_estimators=500; total time= 1.6min
[CV] END max_depth=20, max_features=sqrt, min_samples_split=5, n_estimators=500; total time= 1.6min
[CV] END max_depth=20, max_features=sqrt, min_samples_split=10, n_estimators=100; total time=  23.2s
[CV] END max_depth=20, max_features=sqrt, min_samples_split=10, n_estimators=100; total time=  27.5s
[CV] END max_depth=20, max_features=sqrt, min_samples_split=10, n_estimators=100; total time=  23.3s
[CV] END max_depth=20, max_features=sqrt, min_samples_split=10, n_estimators=100; total time=  22.7s
[CV] END max_depth=20, max_features=sqrt, min_samples_split=10, n_estimators=100; total time=  25.8s
[CV] END max_depth=20, max_features=sqrt, min_samples_split=10, n_estimators=300; total time= 1.2min
[CV] END max_depth=20, max_features=sqrt, min_samples_split=10, n_estimators=300; total time=  55.0s
[CV] END max_depth=20, max_features=sqrt, min_samples_split=10, n_estimators=300; total time= 1.1min
[CV] END max_depth=20, max_features=sqrt, min_samples_split=10, n_estimators=300; total time= 1.0min
[CV] END max_depth=20, max_features=sqrt, min_samples_split=10, n_estimators=300; total time= 1.0min
[CV] END max_depth=20, max_features=sqrt, min_samples_split=10, n_estimators=500; total time= 1.6min
[CV] END max_depth=20, max_features=sqrt, min_samples_split=10, n_estimators=500; total time= 1.7min
[CV] END max_depth=20, max_features=sqrt, min_samples_split=10, n_estimators=500; total time= 1.6min
[CV] END max_depth=20, max_features=sqrt, min_samples_split=10, n_estimators=500; total time= 2.0min
[CV] END max_depth=20, max_features=sqrt, min_samples_split=10, n_estimators=500; total time= 1.6min
[CV] END max_depth=20, max_features=log2, min_samples_split=2, n_estimators=100; total time=  25.6s
[CV] END max_depth=20, max_features=log2, min_samples_split=2, n_estimators=100; total time=  23.3s
[CV] END max_depth=20, max_features=log2, min_samples_split=2, n_estimators=100; total time=  19.4s
[CV] END max_depth=20, max_features=log2, min_samples_split=2, n_estimators=100; total time=  21.8s
[CV] END max_depth=20, max_features=log2, min_samples_split=2, n_estimators=100; total time=  19.0s
[CV] END max_depth=20, max_features=log2, min_samples_split=2, n_estimators=300; total time=  49.6s
[CV] END max_depth=20, max_features=log2, min_samples_split=2, n_estimators=300; total time=  55.7s
[CV] END max_depth=20, max_features=log2, min_samples_split=2, n_estimators=300; total time=  50.3s
[CV] END max_depth=20, max_features=log2, min_samples_split=2, n_estimators=300; total time=  51.4s
[CV] END max_depth=20, max_features=log2, min_samples_split=2, n_estimators=300; total time=  50.6s
[CV] END max_depth=20, max_features=log2, min_samples_split=2, n_estimators=500; total time= 1.3min
[CV] END max_depth=20, max_features=log2, min_samples_split=2, n_estimators=500; total time= 1.4min
[CV] END max_depth=20, max_features=log2, min_samples_split=2, n_estimators=500; total time= 1.3min
[CV] END max_depth=20, max_features=log2, min_samples_split=2, n_estimators=500; total time= 1.5min
[CV] END max_depth=20, max_features=log2, min_samples_split=2, n_estimators=500; total time= 1.3min
[CV] END max_depth=20, max_features=log2, min_samples_split=5, n_estimators=100; total time=  22.3s
[CV] END max_depth=20, max_features=log2, min_samples_split=5, n_estimators=100; total time=  22.7s
[CV] END max_depth=20, max_features=log2, min_samples_split=5, n_estimators=100; total time=  23.6s
[CV] END max_depth=20, max_features=log2, min_samples_split=5, n_estimators=100; total time=  22.0s
[CV] END max_depth=20, max_features=log2, min_samples_split=5, n_estimators=100; total time=  18.7s
[CV] END max_depth=20, max_features=log2, min_samples_split=5, n_estimators=300; total time=  50.7s
[CV] END max_depth=20, max_features=log2, min_samples_split=5, n_estimators=300; total time=  52.6s
[CV] END max_depth=20, max_features=log2, min_samples_split=5, n_estimators=300; total time=  55.2s
[CV] END max_depth=20, max_features=log2, min_samples_split=5, n_estimators=300; total time=  55.6s
[CV] END max_depth=20, max_features=log2, min_samples_split=5, n_estimators=300; total time=  50.6s
[CV] END max_depth=20, max_features=log2, min_samples_split=5, n_estimators=500; total time= 1.3min
[CV] END max_depth=20, max_features=log2, min_samples_split=5, n_estimators=500; total time= 1.5min
[CV] END max_depth=20, max_features=log2, min_samples_split=5, n_estimators=500; total time= 1.5min
[CV] END max_depth=20, max_features=log2, min_samples_split=5, n_estimators=500; total time= 1.4min
[CV] END max_depth=20, max_features=log2, min_samples_split=5, n_estimators=500; total time= 1.3min
[CV] END max_depth=20, max_features=log2, min_samples_split=10, n_estimators=100; total time=  20.4s
[CV] END max_depth=20, max_features=log2, min_samples_split=10, n_estimators=100; total time=  21.2s
[CV] END max_depth=20, max_features=log2, min_samples_split=10, n_estimators=100; total time=  20.7s
[CV] END max_depth=20, max_features=log2, min_samples_split=10, n_estimators=100; total time=  20.0s
[CV] END max_depth=20, max_features=log2, min_samples_split=10, n_estimators=100; total time=  17.0s
[CV] END max_depth=20, max_features=log2, min_samples_split=10, n_estimators=300; total time=  52.2s
[CV] END max_depth=20, max_features=log2, min_samples_split=10, n_estimators=300; total time=  57.1s
[CV] END max_depth=20, max_features=log2, min_samples_split=10, n_estimators=300; total time=  53.6s
[CV] END max_depth=20, max_features=log2, min_samples_split=10, n_estimators=300; total time=  52.4s
[CV] END max_depth=20, max_features=log2, min_samples_split=10, n_estimators=300; total time=  54.1s
[CV] END max_depth=20, max_features=log2, min_samples_split=10, n_estimators=500; total time= 1.4min
[CV] END max_depth=20, max_features=log2, min_samples_split=10, n_estimators=500; total time= 1.5min
[CV] END max_depth=20, max_features=log2, min_samples_split=10, n_estimators=500; total time= 1.3min
[CV] END max_depth=20, max_features=log2, min_samples_split=10, n_estimators=500; total time= 1.3min
[CV] END max_depth=20, max_features=log2, min_samples_split=10, n_estimators=500; total time= 1.2min
Meilleurs paramètres trouvés : {'max_depth': 20, 'max_features': 'auto', 'min_samples_split': 5, 'n_estimators': 500}

===== Résultats =====
Accuracy : 0.6283
Matrice de confusion :
 [[10572  9428]
 [ 5438 14562]]

Rapport de classification :
               precision    recall  f1-score   support

         pi-       0.66      0.53      0.59     20000
      proton       0.61      0.73      0.66     20000

    accuracy                           0.63     40000
   macro avg       0.63      0.63      0.62     40000
weighted avg       0.63      0.63      0.62     40000

   → Modèle Random Forest et scaler sauvegardés dans processed_data
