nohup: ignoring input
/home/ilc/midir/miniconda3/envs/ml-env/lib/python3.10/site-packages/sklearn/ensemble/_forest.py:424: FutureWarning: `max_features='auto'` has been deprecated in 1.1 and will be removed in 1.3. To keep the past behaviour, explicitly set `max_features='sqrt'` or remove this parameter as it is also the default value for RandomForestClassifiers and ExtraTreesClassifiers.
  warn(
/home/ilc/midir/miniconda3/envs/ml-env/lib/python3.10/site-packages/sklearn/ensemble/_forest.py:424: FutureWarning: `max_features='auto'` has been deprecated in 1.1 and will be removed in 1.3. To keep the past behaviour, explicitly set `max_features='sqrt'` or remove this parameter as it is also the default value for RandomForestClassifiers and ExtraTreesClassifiers.
  warn(
/home/ilc/midir/miniconda3/envs/ml-env/lib/python3.10/site-packages/sklearn/ensemble/_forest.py:424: FutureWarning: `max_features='auto'` has been deprecated in 1.1 and will be removed in 1.3. To keep the past behaviour, explicitly set `max_features='sqrt'` or remove this parameter as it is also the default value for RandomForestClassifiers and ExtraTreesClassifiers.
  warn(
/home/ilc/midir/miniconda3/envs/ml-env/lib/python3.10/site-packages/sklearn/ensemble/_forest.py:424: FutureWarning: `max_features='auto'` has been deprecated in 1.1 and will be removed in 1.3. To keep the past behaviour, explicitly set `max_features='sqrt'` or remove this parameter as it is also the default value for RandomForestClassifiers and ExtraTreesClassifiers.
  warn(
/home/ilc/midir/miniconda3/envs/ml-env/lib/python3.10/site-packages/sklearn/ensemble/_forest.py:424: FutureWarning: `max_features='auto'` has been deprecated in 1.1 and will be removed in 1.3. To keep the past behaviour, explicitly set `max_features='sqrt'` or remove this parameter as it is also the default value for RandomForestClassifiers and ExtraTreesClassifiers.
  warn(
/home/ilc/midir/miniconda3/envs/ml-env/lib/python3.10/site-packages/sklearn/ensemble/_forest.py:424: FutureWarning: `max_features='auto'` has been deprecated in 1.1 and will be removed in 1.3. To keep the past behaviour, explicitly set `max_features='sqrt'` or remove this parameter as it is also the default value for RandomForestClassifiers and ExtraTreesClassifiers.
  warn(
/home/ilc/midir/miniconda3/envs/ml-env/lib/python3.10/site-packages/sklearn/ensemble/_forest.py:424: FutureWarning: `max_features='auto'` has been deprecated in 1.1 and will be removed in 1.3. To keep the past behaviour, explicitly set `max_features='sqrt'` or remove this parameter as it is also the default value for RandomForestClassifiers and ExtraTreesClassifiers.
  warn(
/home/ilc/midir/miniconda3/envs/ml-env/lib/python3.10/site-packages/sklearn/ensemble/_forest.py:424: FutureWarning: `max_features='auto'` has been deprecated in 1.1 and will be removed in 1.3. To keep the past behaviour, explicitly set `max_features='sqrt'` or remove this parameter as it is also the default value for RandomForestClassifiers and ExtraTreesClassifiers.
  warn(
/home/ilc/midir/miniconda3/envs/ml-env/lib/python3.10/site-packages/sklearn/ensemble/_forest.py:424: FutureWarning: `max_features='auto'` has been deprecated in 1.1 and will be removed in 1.3. To keep the past behaviour, explicitly set `max_features='sqrt'` or remove this parameter as it is also the default value for RandomForestClassifiers and ExtraTreesClassifiers.
  warn(
/home/ilc/midir/miniconda3/envs/ml-env/lib/python3.10/site-packages/sklearn/ensemble/_forest.py:424: FutureWarning: `max_features='auto'` has been deprecated in 1.1 and will be removed in 1.3. To keep the past behaviour, explicitly set `max_features='sqrt'` or remove this parameter as it is also the default value for RandomForestClassifiers and ExtraTreesClassifiers.
  warn(
/home/ilc/midir/miniconda3/envs/ml-env/lib/python3.10/site-packages/sklearn/ensemble/_forest.py:424: FutureWarning: `max_features='auto'` has been deprecated in 1.1 and will be removed in 1.3. To keep the past behaviour, explicitly set `max_features='sqrt'` or remove this parameter as it is also the default value for RandomForestClassifiers and ExtraTreesClassifiers.
  warn(
/home/ilc/midir/miniconda3/envs/ml-env/lib/python3.10/site-packages/sklearn/ensemble/_forest.py:424: FutureWarning: `max_features='auto'` has been deprecated in 1.1 and will be removed in 1.3. To keep the past behaviour, explicitly set `max_features='sqrt'` or remove this parameter as it is also the default value for RandomForestClassifiers and ExtraTreesClassifiers.
  warn(
/home/ilc/midir/miniconda3/envs/ml-env/lib/python3.10/site-packages/sklearn/ensemble/_forest.py:424: FutureWarning: `max_features='auto'` has been deprecated in 1.1 and will be removed in 1.3. To keep the past behaviour, explicitly set `max_features='sqrt'` or remove this parameter as it is also the default value for RandomForestClassifiers and ExtraTreesClassifiers.
  warn(
/home/ilc/midir/miniconda3/envs/ml-env/lib/python3.10/site-packages/sklearn/ensemble/_forest.py:424: FutureWarning: `max_features='auto'` has been deprecated in 1.1 and will be removed in 1.3. To keep the past behaviour, explicitly set `max_features='sqrt'` or remove this parameter as it is also the default value for RandomForestClassifiers and ExtraTreesClassifiers.
  warn(
/home/ilc/midir/miniconda3/envs/ml-env/lib/python3.10/site-packages/sklearn/ensemble/_forest.py:424: FutureWarning: `max_features='auto'` has been deprecated in 1.1 and will be removed in 1.3. To keep the past behaviour, explicitly set `max_features='sqrt'` or remove this parameter as it is also the default value for RandomForestClassifiers and ExtraTreesClassifiers.
  warn(
/home/ilc/midir/miniconda3/envs/ml-env/lib/python3.10/site-packages/sklearn/ensemble/_forest.py:424: FutureWarning: `max_features='auto'` has been deprecated in 1.1 and will be removed in 1.3. To keep the past behaviour, explicitly set `max_features='sqrt'` or remove this parameter as it is also the default value for RandomForestClassifiers and ExtraTreesClassifiers.
  warn(
/home/ilc/midir/miniconda3/envs/ml-env/lib/python3.10/site-packages/sklearn/ensemble/_forest.py:424: FutureWarning: `max_features='auto'` has been deprecated in 1.1 and will be removed in 1.3. To keep the past behaviour, explicitly set `max_features='sqrt'` or remove this parameter as it is also the default value for RandomForestClassifiers and ExtraTreesClassifiers.
  warn(
/home/ilc/midir/miniconda3/envs/ml-env/lib/python3.10/site-packages/sklearn/ensemble/_forest.py:424: FutureWarning: `max_features='auto'` has been deprecated in 1.1 and will be removed in 1.3. To keep the past behaviour, explicitly set `max_features='sqrt'` or remove this parameter as it is also the default value for RandomForestClassifiers and ExtraTreesClassifiers.
  warn(
/home/ilc/midir/miniconda3/envs/ml-env/lib/python3.10/site-packages/sklearn/ensemble/_forest.py:424: FutureWarning: `max_features='auto'` has been deprecated in 1.1 and will be removed in 1.3. To keep the past behaviour, explicitly set `max_features='sqrt'` or remove this parameter as it is also the default value for RandomForestClassifiers and ExtraTreesClassifiers.
  warn(
/home/ilc/midir/miniconda3/envs/ml-env/lib/python3.10/site-packages/sklearn/ensemble/_forest.py:424: FutureWarning: `max_features='auto'` has been deprecated in 1.1 and will be removed in 1.3. To keep the past behaviour, explicitly set `max_features='sqrt'` or remove this parameter as it is also the default value for RandomForestClassifiers and ExtraTreesClassifiers.
  warn(
/home/ilc/midir/miniconda3/envs/ml-env/lib/python3.10/site-packages/sklearn/ensemble/_forest.py:424: FutureWarning: `max_features='auto'` has been deprecated in 1.1 and will be removed in 1.3. To keep the past behaviour, explicitly set `max_features='sqrt'` or remove this parameter as it is also the default value for RandomForestClassifiers and ExtraTreesClassifiers.
  warn(
/home/ilc/midir/miniconda3/envs/ml-env/lib/python3.10/site-packages/sklearn/ensemble/_forest.py:424: FutureWarning: `max_features='auto'` has been deprecated in 1.1 and will be removed in 1.3. To keep the past behaviour, explicitly set `max_features='sqrt'` or remove this parameter as it is also the default value for RandomForestClassifiers and ExtraTreesClassifiers.
  warn(
/home/ilc/midir/miniconda3/envs/ml-env/lib/python3.10/site-packages/sklearn/ensemble/_forest.py:424: FutureWarning: `max_features='auto'` has been deprecated in 1.1 and will be removed in 1.3. To keep the past behaviour, explicitly set `max_features='sqrt'` or remove this parameter as it is also the default value for RandomForestClassifiers and ExtraTreesClassifiers.
  warn(
/home/ilc/midir/miniconda3/envs/ml-env/lib/python3.10/site-packages/sklearn/ensemble/_forest.py:424: FutureWarning: `max_features='auto'` has been deprecated in 1.1 and will be removed in 1.3. To keep the past behaviour, explicitly set `max_features='sqrt'` or remove this parameter as it is also the default value for RandomForestClassifiers and ExtraTreesClassifiers.
  warn(
/home/ilc/midir/miniconda3/envs/ml-env/lib/python3.10/site-packages/sklearn/ensemble/_forest.py:424: FutureWarning: `max_features='auto'` has been deprecated in 1.1 and will be removed in 1.3. To keep the past behaviour, explicitly set `max_features='sqrt'` or remove this parameter as it is also the default value for RandomForestClassifiers and ExtraTreesClassifiers.
  warn(
/home/ilc/midir/miniconda3/envs/ml-env/lib/python3.10/site-packages/sklearn/ensemble/_forest.py:424: FutureWarning: `max_features='auto'` has been deprecated in 1.1 and will be removed in 1.3. To keep the past behaviour, explicitly set `max_features='sqrt'` or remove this parameter as it is also the default value for RandomForestClassifiers and ExtraTreesClassifiers.
  warn(
/home/ilc/midir/miniconda3/envs/ml-env/lib/python3.10/site-packages/sklearn/ensemble/_forest.py:424: FutureWarning: `max_features='auto'` has been deprecated in 1.1 and will be removed in 1.3. To keep the past behaviour, explicitly set `max_features='sqrt'` or remove this parameter as it is also the default value for RandomForestClassifiers and ExtraTreesClassifiers.
  warn(
/home/ilc/midir/miniconda3/envs/ml-env/lib/python3.10/site-packages/sklearn/ensemble/_forest.py:424: FutureWarning: `max_features='auto'` has been deprecated in 1.1 and will be removed in 1.3. To keep the past behaviour, explicitly set `max_features='sqrt'` or remove this parameter as it is also the default value for RandomForestClassifiers and ExtraTreesClassifiers.
  warn(
/home/ilc/midir/miniconda3/envs/ml-env/lib/python3.10/site-packages/sklearn/ensemble/_forest.py:424: FutureWarning: `max_features='auto'` has been deprecated in 1.1 and will be removed in 1.3. To keep the past behaviour, explicitly set `max_features='sqrt'` or remove this parameter as it is also the default value for RandomForestClassifiers and ExtraTreesClassifiers.
  warn(
/home/ilc/midir/miniconda3/envs/ml-env/lib/python3.10/site-packages/sklearn/ensemble/_forest.py:424: FutureWarning: `max_features='auto'` has been deprecated in 1.1 and will be removed in 1.3. To keep the past behaviour, explicitly set `max_features='sqrt'` or remove this parameter as it is also the default value for RandomForestClassifiers and ExtraTreesClassifiers.
  warn(
/home/ilc/midir/miniconda3/envs/ml-env/lib/python3.10/site-packages/sklearn/ensemble/_forest.py:424: FutureWarning: `max_features='auto'` has been deprecated in 1.1 and will be removed in 1.3. To keep the past behaviour, explicitly set `max_features='sqrt'` or remove this parameter as it is also the default value for RandomForestClassifiers and ExtraTreesClassifiers.
  warn(
/home/ilc/midir/miniconda3/envs/ml-env/lib/python3.10/site-packages/sklearn/ensemble/_forest.py:424: FutureWarning: `max_features='auto'` has been deprecated in 1.1 and will be removed in 1.3. To keep the past behaviour, explicitly set `max_features='sqrt'` or remove this parameter as it is also the default value for RandomForestClassifiers and ExtraTreesClassifiers.
  warn(
/home/ilc/midir/miniconda3/envs/ml-env/lib/python3.10/site-packages/sklearn/ensemble/_forest.py:424: FutureWarning: `max_features='auto'` has been deprecated in 1.1 and will be removed in 1.3. To keep the past behaviour, explicitly set `max_features='sqrt'` or remove this parameter as it is also the default value for RandomForestClassifiers and ExtraTreesClassifiers.
  warn(
/home/ilc/midir/miniconda3/envs/ml-env/lib/python3.10/site-packages/sklearn/ensemble/_forest.py:424: FutureWarning: `max_features='auto'` has been deprecated in 1.1 and will be removed in 1.3. To keep the past behaviour, explicitly set `max_features='sqrt'` or remove this parameter as it is also the default value for RandomForestClassifiers and ExtraTreesClassifiers.
  warn(
/home/ilc/midir/miniconda3/envs/ml-env/lib/python3.10/site-packages/sklearn/ensemble/_forest.py:424: FutureWarning: `max_features='auto'` has been deprecated in 1.1 and will be removed in 1.3. To keep the past behaviour, explicitly set `max_features='sqrt'` or remove this parameter as it is also the default value for RandomForestClassifiers and ExtraTreesClassifiers.
  warn(
/home/ilc/midir/miniconda3/envs/ml-env/lib/python3.10/site-packages/sklearn/ensemble/_forest.py:424: FutureWarning: `max_features='auto'` has been deprecated in 1.1 and will be removed in 1.3. To keep the past behaviour, explicitly set `max_features='sqrt'` or remove this parameter as it is also the default value for RandomForestClassifiers and ExtraTreesClassifiers.
  warn(
/home/ilc/midir/miniconda3/envs/ml-env/lib/python3.10/site-packages/sklearn/ensemble/_forest.py:424: FutureWarning: `max_features='auto'` has been deprecated in 1.1 and will be removed in 1.3. To keep the past behaviour, explicitly set `max_features='sqrt'` or remove this parameter as it is also the default value for RandomForestClassifiers and ExtraTreesClassifiers.
  warn(
/home/ilc/midir/miniconda3/envs/ml-env/lib/python3.10/site-packages/sklearn/ensemble/_forest.py:424: FutureWarning: `max_features='auto'` has been deprecated in 1.1 and will be removed in 1.3. To keep the past behaviour, explicitly set `max_features='sqrt'` or remove this parameter as it is also the default value for RandomForestClassifiers and ExtraTreesClassifiers.
  warn(
/home/ilc/midir/miniconda3/envs/ml-env/lib/python3.10/site-packages/sklearn/ensemble/_forest.py:424: FutureWarning: `max_features='auto'` has been deprecated in 1.1 and will be removed in 1.3. To keep the past behaviour, explicitly set `max_features='sqrt'` or remove this parameter as it is also the default value for RandomForestClassifiers and ExtraTreesClassifiers.
  warn(
/home/ilc/midir/miniconda3/envs/ml-env/lib/python3.10/site-packages/sklearn/ensemble/_forest.py:424: FutureWarning: `max_features='auto'` has been deprecated in 1.1 and will be removed in 1.3. To keep the past behaviour, explicitly set `max_features='sqrt'` or remove this parameter as it is also the default value for RandomForestClassifiers and ExtraTreesClassifiers.
  warn(
/home/ilc/midir/miniconda3/envs/ml-env/lib/python3.10/site-packages/sklearn/ensemble/_forest.py:424: FutureWarning: `max_features='auto'` has been deprecated in 1.1 and will be removed in 1.3. To keep the past behaviour, explicitly set `max_features='sqrt'` or remove this parameter as it is also the default value for RandomForestClassifiers and ExtraTreesClassifiers.
  warn(
/home/ilc/midir/miniconda3/envs/ml-env/lib/python3.10/site-packages/sklearn/ensemble/_forest.py:424: FutureWarning: `max_features='auto'` has been deprecated in 1.1 and will be removed in 1.3. To keep the past behaviour, explicitly set `max_features='sqrt'` or remove this parameter as it is also the default value for RandomForestClassifiers and ExtraTreesClassifiers.
  warn(
/home/ilc/midir/miniconda3/envs/ml-env/lib/python3.10/site-packages/sklearn/ensemble/_forest.py:424: FutureWarning: `max_features='auto'` has been deprecated in 1.1 and will be removed in 1.3. To keep the past behaviour, explicitly set `max_features='sqrt'` or remove this parameter as it is also the default value for RandomForestClassifiers and ExtraTreesClassifiers.
  warn(
/home/ilc/midir/miniconda3/envs/ml-env/lib/python3.10/site-packages/sklearn/ensemble/_forest.py:424: FutureWarning: `max_features='auto'` has been deprecated in 1.1 and will be removed in 1.3. To keep the past behaviour, explicitly set `max_features='sqrt'` or remove this parameter as it is also the default value for RandomForestClassifiers and ExtraTreesClassifiers.
  warn(
/home/ilc/midir/miniconda3/envs/ml-env/lib/python3.10/site-packages/sklearn/ensemble/_forest.py:424: FutureWarning: `max_features='auto'` has been deprecated in 1.1 and will be removed in 1.3. To keep the past behaviour, explicitly set `max_features='sqrt'` or remove this parameter as it is also the default value for RandomForestClassifiers and ExtraTreesClassifiers.
  warn(
/home/ilc/midir/miniconda3/envs/ml-env/lib/python3.10/site-packages/sklearn/ensemble/_forest.py:424: FutureWarning: `max_features='auto'` has been deprecated in 1.1 and will be removed in 1.3. To keep the past behaviour, explicitly set `max_features='sqrt'` or remove this parameter as it is also the default value for RandomForestClassifiers and ExtraTreesClassifiers.
  warn(
/home/ilc/midir/miniconda3/envs/ml-env/lib/python3.10/site-packages/sklearn/ensemble/_forest.py:424: FutureWarning: `max_features='auto'` has been deprecated in 1.1 and will be removed in 1.3. To keep the past behaviour, explicitly set `max_features='sqrt'` or remove this parameter as it is also the default value for RandomForestClassifiers and ExtraTreesClassifiers.
  warn(
/home/ilc/midir/miniconda3/envs/ml-env/lib/python3.10/site-packages/sklearn/ensemble/_forest.py:424: FutureWarning: `max_features='auto'` has been deprecated in 1.1 and will be removed in 1.3. To keep the past behaviour, explicitly set `max_features='sqrt'` or remove this parameter as it is also the default value for RandomForestClassifiers and ExtraTreesClassifiers.
  warn(
/home/ilc/midir/miniconda3/envs/ml-env/lib/python3.10/site-packages/sklearn/ensemble/_forest.py:424: FutureWarning: `max_features='auto'` has been deprecated in 1.1 and will be removed in 1.3. To keep the past behaviour, explicitly set `max_features='sqrt'` or remove this parameter as it is also the default value for RandomForestClassifiers and ExtraTreesClassifiers.
  warn(
/home/ilc/midir/miniconda3/envs/ml-env/lib/python3.10/site-packages/sklearn/ensemble/_forest.py:424: FutureWarning: `max_features='auto'` has been deprecated in 1.1 and will be removed in 1.3. To keep the past behaviour, explicitly set `max_features='sqrt'` or remove this parameter as it is also the default value for RandomForestClassifiers and ExtraTreesClassifiers.
  warn(
/home/ilc/midir/miniconda3/envs/ml-env/lib/python3.10/site-packages/sklearn/ensemble/_forest.py:424: FutureWarning: `max_features='auto'` has been deprecated in 1.1 and will be removed in 1.3. To keep the past behaviour, explicitly set `max_features='sqrt'` or remove this parameter as it is also the default value for RandomForestClassifiers and ExtraTreesClassifiers.
  warn(
/home/ilc/midir/miniconda3/envs/ml-env/lib/python3.10/site-packages/sklearn/ensemble/_forest.py:424: FutureWarning: `max_features='auto'` has been deprecated in 1.1 and will be removed in 1.3. To keep the past behaviour, explicitly set `max_features='sqrt'` or remove this parameter as it is also the default value for RandomForestClassifiers and ExtraTreesClassifiers.
  warn(
/home/ilc/midir/miniconda3/envs/ml-env/lib/python3.10/site-packages/sklearn/ensemble/_forest.py:424: FutureWarning: `max_features='auto'` has been deprecated in 1.1 and will be removed in 1.3. To keep the past behaviour, explicitly set `max_features='sqrt'` or remove this parameter as it is also the default value for RandomForestClassifiers and ExtraTreesClassifiers.
  warn(
/home/ilc/midir/miniconda3/envs/ml-env/lib/python3.10/site-packages/sklearn/ensemble/_forest.py:424: FutureWarning: `max_features='auto'` has been deprecated in 1.1 and will be removed in 1.3. To keep the past behaviour, explicitly set `max_features='sqrt'` or remove this parameter as it is also the default value for RandomForestClassifiers and ExtraTreesClassifiers.
  warn(
/home/ilc/midir/miniconda3/envs/ml-env/lib/python3.10/site-packages/sklearn/ensemble/_forest.py:424: FutureWarning: `max_features='auto'` has been deprecated in 1.1 and will be removed in 1.3. To keep the past behaviour, explicitly set `max_features='sqrt'` or remove this parameter as it is also the default value for RandomForestClassifiers and ExtraTreesClassifiers.
  warn(
/home/ilc/midir/miniconda3/envs/ml-env/lib/python3.10/site-packages/sklearn/ensemble/_forest.py:424: FutureWarning: `max_features='auto'` has been deprecated in 1.1 and will be removed in 1.3. To keep the past behaviour, explicitly set `max_features='sqrt'` or remove this parameter as it is also the default value for RandomForestClassifiers and ExtraTreesClassifiers.
  warn(
/home/ilc/midir/miniconda3/envs/ml-env/lib/python3.10/site-packages/sklearn/ensemble/_forest.py:424: FutureWarning: `max_features='auto'` has been deprecated in 1.1 and will be removed in 1.3. To keep the past behaviour, explicitly set `max_features='sqrt'` or remove this parameter as it is also the default value for RandomForestClassifiers and ExtraTreesClassifiers.
  warn(
/home/ilc/midir/miniconda3/envs/ml-env/lib/python3.10/site-packages/sklearn/ensemble/_forest.py:424: FutureWarning: `max_features='auto'` has been deprecated in 1.1 and will be removed in 1.3. To keep the past behaviour, explicitly set `max_features='sqrt'` or remove this parameter as it is also the default value for RandomForestClassifiers and ExtraTreesClassifiers.
  warn(
/home/ilc/midir/miniconda3/envs/ml-env/lib/python3.10/site-packages/sklearn/ensemble/_forest.py:424: FutureWarning: `max_features='auto'` has been deprecated in 1.1 and will be removed in 1.3. To keep the past behaviour, explicitly set `max_features='sqrt'` or remove this parameter as it is also the default value for RandomForestClassifiers and ExtraTreesClassifiers.
  warn(
/home/ilc/midir/miniconda3/envs/ml-env/lib/python3.10/site-packages/sklearn/ensemble/_forest.py:424: FutureWarning: `max_features='auto'` has been deprecated in 1.1 and will be removed in 1.3. To keep the past behaviour, explicitly set `max_features='sqrt'` or remove this parameter as it is also the default value for RandomForestClassifiers and ExtraTreesClassifiers.
  warn(
/home/ilc/midir/miniconda3/envs/ml-env/lib/python3.10/site-packages/sklearn/ensemble/_forest.py:424: FutureWarning: `max_features='auto'` has been deprecated in 1.1 and will be removed in 1.3. To keep the past behaviour, explicitly set `max_features='sqrt'` or remove this parameter as it is also the default value for RandomForestClassifiers and ExtraTreesClassifiers.
  warn(
/home/ilc/midir/miniconda3/envs/ml-env/lib/python3.10/site-packages/sklearn/ensemble/_forest.py:424: FutureWarning: `max_features='auto'` has been deprecated in 1.1 and will be removed in 1.3. To keep the past behaviour, explicitly set `max_features='sqrt'` or remove this parameter as it is also the default value for RandomForestClassifiers and ExtraTreesClassifiers.
  warn(
/home/ilc/midir/miniconda3/envs/ml-env/lib/python3.10/site-packages/sklearn/ensemble/_forest.py:424: FutureWarning: `max_features='auto'` has been deprecated in 1.1 and will be removed in 1.3. To keep the past behaviour, explicitly set `max_features='sqrt'` or remove this parameter as it is also the default value for RandomForestClassifiers and ExtraTreesClassifiers.
  warn(
/home/ilc/midir/miniconda3/envs/ml-env/lib/python3.10/site-packages/sklearn/ensemble/_forest.py:424: FutureWarning: `max_features='auto'` has been deprecated in 1.1 and will be removed in 1.3. To keep the past behaviour, explicitly set `max_features='sqrt'` or remove this parameter as it is also the default value for RandomForestClassifiers and ExtraTreesClassifiers.
  warn(
/home/ilc/midir/miniconda3/envs/ml-env/lib/python3.10/site-packages/sklearn/ensemble/_forest.py:424: FutureWarning: `max_features='auto'` has been deprecated in 1.1 and will be removed in 1.3. To keep the past behaviour, explicitly set `max_features='sqrt'` or remove this parameter as it is also the default value for RandomForestClassifiers and ExtraTreesClassifiers.
  warn(
/home/ilc/midir/miniconda3/envs/ml-env/lib/python3.10/site-packages/sklearn/ensemble/_forest.py:424: FutureWarning: `max_features='auto'` has been deprecated in 1.1 and will be removed in 1.3. To keep the past behaviour, explicitly set `max_features='sqrt'` or remove this parameter as it is also the default value for RandomForestClassifiers and ExtraTreesClassifiers.
  warn(
/home/ilc/midir/miniconda3/envs/ml-env/lib/python3.10/site-packages/sklearn/ensemble/_forest.py:424: FutureWarning: `max_features='auto'` has been deprecated in 1.1 and will be removed in 1.3. To keep the past behaviour, explicitly set `max_features='sqrt'` or remove this parameter as it is also the default value for RandomForestClassifiers and ExtraTreesClassifiers.
  warn(
/home/ilc/midir/miniconda3/envs/ml-env/lib/python3.10/site-packages/sklearn/ensemble/_forest.py:424: FutureWarning: `max_features='auto'` has been deprecated in 1.1 and will be removed in 1.3. To keep the past behaviour, explicitly set `max_features='sqrt'` or remove this parameter as it is also the default value for RandomForestClassifiers and ExtraTreesClassifiers.
  warn(
→ Lecture de tous les fichiers ROOT …
   Total d’événements chargés : 300000
   Après nettoyage (drop NA/inf) : 299995
   Taille train : 239996, test : 59999
   Après SMOTE : [79999 79999 79999] samples par classe
Fitting 5 folds for each of 81 candidates, totalling 405 fits
[CV] END max_depth=None, max_features=auto, min_samples_split=2, n_estimators=100; total time=   3.6s
[CV] END max_depth=None, max_features=auto, min_samples_split=2, n_estimators=100; total time=   3.6s
[CV] END max_depth=None, max_features=auto, min_samples_split=2, n_estimators=100; total time=   3.7s
[CV] END max_depth=None, max_features=auto, min_samples_split=2, n_estimators=100; total time=   3.6s
[CV] END max_depth=None, max_features=auto, min_samples_split=2, n_estimators=100; total time=   3.6s
[CV] END max_depth=None, max_features=auto, min_samples_split=2, n_estimators=300; total time=   9.1s
[CV] END max_depth=None, max_features=auto, min_samples_split=2, n_estimators=300; total time=   9.1s
[CV] END max_depth=None, max_features=auto, min_samples_split=2, n_estimators=300; total time=   9.4s
[CV] END max_depth=None, max_features=auto, min_samples_split=2, n_estimators=300; total time=   9.4s
[CV] END max_depth=None, max_features=auto, min_samples_split=2, n_estimators=300; total time=   9.4s
[CV] END max_depth=None, max_features=auto, min_samples_split=2, n_estimators=500; total time=  15.4s
[CV] END max_depth=None, max_features=auto, min_samples_split=2, n_estimators=500; total time=  15.5s
[CV] END max_depth=None, max_features=auto, min_samples_split=2, n_estimators=500; total time=  15.4s
[CV] END max_depth=None, max_features=auto, min_samples_split=2, n_estimators=500; total time=  15.3s
[CV] END max_depth=None, max_features=auto, min_samples_split=2, n_estimators=500; total time=  15.4s
[CV] END max_depth=None, max_features=auto, min_samples_split=5, n_estimators=100; total time=   3.6s
[CV] END max_depth=None, max_features=auto, min_samples_split=5, n_estimators=100; total time=   3.6s
[CV] END max_depth=None, max_features=auto, min_samples_split=5, n_estimators=100; total time=   3.6s
[CV] END max_depth=None, max_features=auto, min_samples_split=5, n_estimators=100; total time=   3.5s
[CV] END max_depth=None, max_features=auto, min_samples_split=5, n_estimators=100; total time=   3.6s
[CV] END max_depth=None, max_features=auto, min_samples_split=5, n_estimators=300; total time=   9.2s
[CV] END max_depth=None, max_features=auto, min_samples_split=5, n_estimators=300; total time=   9.2s
[CV] END max_depth=None, max_features=auto, min_samples_split=5, n_estimators=300; total time=   9.2s
[CV] END max_depth=None, max_features=auto, min_samples_split=5, n_estimators=300; total time=   9.2s
[CV] END max_depth=None, max_features=auto, min_samples_split=5, n_estimators=300; total time=   9.1s
[CV] END max_depth=None, max_features=auto, min_samples_split=5, n_estimators=500; total time=  14.9s
[CV] END max_depth=None, max_features=auto, min_samples_split=5, n_estimators=500; total time=  15.0s
[CV] END max_depth=None, max_features=auto, min_samples_split=5, n_estimators=500; total time=  14.9s
[CV] END max_depth=None, max_features=auto, min_samples_split=5, n_estimators=500; total time=  15.1s
[CV] END max_depth=None, max_features=auto, min_samples_split=5, n_estimators=500; total time=  15.0s
[CV] END max_depth=None, max_features=auto, min_samples_split=10, n_estimators=100; total time=   3.6s
[CV] END max_depth=None, max_features=auto, min_samples_split=10, n_estimators=100; total time=   3.5s
[CV] END max_depth=None, max_features=auto, min_samples_split=10, n_estimators=100; total time=   3.7s
[CV] END max_depth=None, max_features=auto, min_samples_split=10, n_estimators=100; total time=   3.5s
[CV] END max_depth=None, max_features=auto, min_samples_split=10, n_estimators=100; total time=   3.6s
[CV] END max_depth=None, max_features=auto, min_samples_split=10, n_estimators=300; total time=   9.0s
[CV] END max_depth=None, max_features=auto, min_samples_split=10, n_estimators=300; total time=   8.8s
[CV] END max_depth=None, max_features=auto, min_samples_split=10, n_estimators=300; total time=   9.0s
[CV] END max_depth=None, max_features=auto, min_samples_split=10, n_estimators=300; total time=   9.0s
[CV] END max_depth=None, max_features=auto, min_samples_split=10, n_estimators=300; total time=   8.9s
[CV] END max_depth=None, max_features=auto, min_samples_split=10, n_estimators=500; total time=  14.7s
[CV] END max_depth=None, max_features=auto, min_samples_split=10, n_estimators=500; total time=  14.6s
[CV] END max_depth=None, max_features=auto, min_samples_split=10, n_estimators=500; total time=  14.6s
[CV] END max_depth=None, max_features=auto, min_samples_split=10, n_estimators=500; total time=  14.7s
[CV] END max_depth=None, max_features=auto, min_samples_split=10, n_estimators=500; total time=  14.7s
[CV] END max_depth=None, max_features=sqrt, min_samples_split=2, n_estimators=100; total time=   3.7s
[CV] END max_depth=None, max_features=sqrt, min_samples_split=2, n_estimators=100; total time=   3.5s
[CV] END max_depth=None, max_features=sqrt, min_samples_split=2, n_estimators=100; total time=   3.6s
[CV] END max_depth=None, max_features=sqrt, min_samples_split=2, n_estimators=100; total time=   3.6s
[CV] END max_depth=None, max_features=sqrt, min_samples_split=2, n_estimators=100; total time=   3.7s
[CV] END max_depth=None, max_features=sqrt, min_samples_split=2, n_estimators=300; total time=   9.2s
[CV] END max_depth=None, max_features=sqrt, min_samples_split=2, n_estimators=300; total time=   9.2s
[CV] END max_depth=None, max_features=sqrt, min_samples_split=2, n_estimators=300; total time=   9.5s
[CV] END max_depth=None, max_features=sqrt, min_samples_split=2, n_estimators=300; total time=   9.3s
[CV] END max_depth=None, max_features=sqrt, min_samples_split=2, n_estimators=300; total time=   9.2s
[CV] END max_depth=None, max_features=sqrt, min_samples_split=2, n_estimators=500; total time=  15.1s
[CV] END max_depth=None, max_features=sqrt, min_samples_split=2, n_estimators=500; total time=  15.1s
[CV] END max_depth=None, max_features=sqrt, min_samples_split=2, n_estimators=500; total time=  15.0s
[CV] END max_depth=None, max_features=sqrt, min_samples_split=2, n_estimators=500; total time=  15.1s
[CV] END max_depth=None, max_features=sqrt, min_samples_split=2, n_estimators=500; total time=  15.0s
[CV] END max_depth=None, max_features=sqrt, min_samples_split=5, n_estimators=100; total time=   3.8s
[CV] END max_depth=None, max_features=sqrt, min_samples_split=5, n_estimators=100; total time=   3.6s
[CV] END max_depth=None, max_features=sqrt, min_samples_split=5, n_estimators=100; total time=   3.8s
[CV] END max_depth=None, max_features=sqrt, min_samples_split=5, n_estimators=100; total time=   3.7s
[CV] END max_depth=None, max_features=sqrt, min_samples_split=5, n_estimators=100; total time=   3.6s
[CV] END max_depth=None, max_features=sqrt, min_samples_split=5, n_estimators=300; total time=   9.0s
[CV] END max_depth=None, max_features=sqrt, min_samples_split=5, n_estimators=300; total time=   9.1s
[CV] END max_depth=None, max_features=sqrt, min_samples_split=5, n_estimators=300; total time=   9.0s
[CV] END max_depth=None, max_features=sqrt, min_samples_split=5, n_estimators=300; total time=   9.1s
[CV] END max_depth=None, max_features=sqrt, min_samples_split=5, n_estimators=300; total time=   9.1s
[CV] END max_depth=None, max_features=sqrt, min_samples_split=5, n_estimators=500; total time=  14.9s
[CV] END max_depth=None, max_features=sqrt, min_samples_split=5, n_estimators=500; total time=  15.0s
[CV] END max_depth=None, max_features=sqrt, min_samples_split=5, n_estimators=500; total time=  14.9s
[CV] END max_depth=None, max_features=sqrt, min_samples_split=5, n_estimators=500; total time=  15.0s
[CV] END max_depth=None, max_features=sqrt, min_samples_split=5, n_estimators=500; total time=  14.9s
[CV] END max_depth=None, max_features=sqrt, min_samples_split=10, n_estimators=100; total time=   3.6s
[CV] END max_depth=None, max_features=sqrt, min_samples_split=10, n_estimators=100; total time=   3.6s
/home/ilc/midir/miniconda3/envs/ml-env/lib/python3.10/site-packages/sklearn/ensemble/_forest.py:424: FutureWarning: `max_features='auto'` has been deprecated in 1.1 and will be removed in 1.3. To keep the past behaviour, explicitly set `max_features='sqrt'` or remove this parameter as it is also the default value for RandomForestClassifiers and ExtraTreesClassifiers.
  warn(
/home/ilc/midir/miniconda3/envs/ml-env/lib/python3.10/site-packages/sklearn/ensemble/_forest.py:424: FutureWarning: `max_features='auto'` has been deprecated in 1.1 and will be removed in 1.3. To keep the past behaviour, explicitly set `max_features='sqrt'` or remove this parameter as it is also the default value for RandomForestClassifiers and ExtraTreesClassifiers.
  warn(
/home/ilc/midir/miniconda3/envs/ml-env/lib/python3.10/site-packages/sklearn/ensemble/_forest.py:424: FutureWarning: `max_features='auto'` has been deprecated in 1.1 and will be removed in 1.3. To keep the past behaviour, explicitly set `max_features='sqrt'` or remove this parameter as it is also the default value for RandomForestClassifiers and ExtraTreesClassifiers.
  warn(
/home/ilc/midir/miniconda3/envs/ml-env/lib/python3.10/site-packages/sklearn/ensemble/_forest.py:424: FutureWarning: `max_features='auto'` has been deprecated in 1.1 and will be removed in 1.3. To keep the past behaviour, explicitly set `max_features='sqrt'` or remove this parameter as it is also the default value for RandomForestClassifiers and ExtraTreesClassifiers.
  warn(
/home/ilc/midir/miniconda3/envs/ml-env/lib/python3.10/site-packages/sklearn/ensemble/_forest.py:424: FutureWarning: `max_features='auto'` has been deprecated in 1.1 and will be removed in 1.3. To keep the past behaviour, explicitly set `max_features='sqrt'` or remove this parameter as it is also the default value for RandomForestClassifiers and ExtraTreesClassifiers.
  warn(
/home/ilc/midir/miniconda3/envs/ml-env/lib/python3.10/site-packages/sklearn/ensemble/_forest.py:424: FutureWarning: `max_features='auto'` has been deprecated in 1.1 and will be removed in 1.3. To keep the past behaviour, explicitly set `max_features='sqrt'` or remove this parameter as it is also the default value for RandomForestClassifiers and ExtraTreesClassifiers.
  warn(
/home/ilc/midir/miniconda3/envs/ml-env/lib/python3.10/site-packages/sklearn/ensemble/_forest.py:424: FutureWarning: `max_features='auto'` has been deprecated in 1.1 and will be removed in 1.3. To keep the past behaviour, explicitly set `max_features='sqrt'` or remove this parameter as it is also the default value for RandomForestClassifiers and ExtraTreesClassifiers.
  warn(
/home/ilc/midir/miniconda3/envs/ml-env/lib/python3.10/site-packages/sklearn/ensemble/_forest.py:424: FutureWarning: `max_features='auto'` has been deprecated in 1.1 and will be removed in 1.3. To keep the past behaviour, explicitly set `max_features='sqrt'` or remove this parameter as it is also the default value for RandomForestClassifiers and ExtraTreesClassifiers.
  warn(
/home/ilc/midir/miniconda3/envs/ml-env/lib/python3.10/site-packages/sklearn/ensemble/_forest.py:424: FutureWarning: `max_features='auto'` has been deprecated in 1.1 and will be removed in 1.3. To keep the past behaviour, explicitly set `max_features='sqrt'` or remove this parameter as it is also the default value for RandomForestClassifiers and ExtraTreesClassifiers.
  warn(
/home/ilc/midir/miniconda3/envs/ml-env/lib/python3.10/site-packages/sklearn/ensemble/_forest.py:424: FutureWarning: `max_features='auto'` has been deprecated in 1.1 and will be removed in 1.3. To keep the past behaviour, explicitly set `max_features='sqrt'` or remove this parameter as it is also the default value for RandomForestClassifiers and ExtraTreesClassifiers.
  warn(
/home/ilc/midir/miniconda3/envs/ml-env/lib/python3.10/site-packages/sklearn/ensemble/_forest.py:424: FutureWarning: `max_features='auto'` has been deprecated in 1.1 and will be removed in 1.3. To keep the past behaviour, explicitly set `max_features='sqrt'` or remove this parameter as it is also the default value for RandomForestClassifiers and ExtraTreesClassifiers.
  warn(
/home/ilc/midir/miniconda3/envs/ml-env/lib/python3.10/site-packages/sklearn/ensemble/_forest.py:424: FutureWarning: `max_features='auto'` has been deprecated in 1.1 and will be removed in 1.3. To keep the past behaviour, explicitly set `max_features='sqrt'` or remove this parameter as it is also the default value for RandomForestClassifiers and ExtraTreesClassifiers.
  warn(
/home/ilc/midir/miniconda3/envs/ml-env/lib/python3.10/site-packages/sklearn/ensemble/_forest.py:424: FutureWarning: `max_features='auto'` has been deprecated in 1.1 and will be removed in 1.3. To keep the past behaviour, explicitly set `max_features='sqrt'` or remove this parameter as it is also the default value for RandomForestClassifiers and ExtraTreesClassifiers.
  warn(
/home/ilc/midir/miniconda3/envs/ml-env/lib/python3.10/site-packages/sklearn/ensemble/_forest.py:424: FutureWarning: `max_features='auto'` has been deprecated in 1.1 and will be removed in 1.3. To keep the past behaviour, explicitly set `max_features='sqrt'` or remove this parameter as it is also the default value for RandomForestClassifiers and ExtraTreesClassifiers.
  warn(
/home/ilc/midir/miniconda3/envs/ml-env/lib/python3.10/site-packages/sklearn/ensemble/_forest.py:424: FutureWarning: `max_features='auto'` has been deprecated in 1.1 and will be removed in 1.3. To keep the past behaviour, explicitly set `max_features='sqrt'` or remove this parameter as it is also the default value for RandomForestClassifiers and ExtraTreesClassifiers.
  warn(
/home/ilc/midir/miniconda3/envs/ml-env/lib/python3.10/site-packages/sklearn/ensemble/_forest.py:424: FutureWarning: `max_features='auto'` has been deprecated in 1.1 and will be removed in 1.3. To keep the past behaviour, explicitly set `max_features='sqrt'` or remove this parameter as it is also the default value for RandomForestClassifiers and ExtraTreesClassifiers.
  warn(
/home/ilc/midir/miniconda3/envs/ml-env/lib/python3.10/site-packages/sklearn/ensemble/_forest.py:424: FutureWarning: `max_features='auto'` has been deprecated in 1.1 and will be removed in 1.3. To keep the past behaviour, explicitly set `max_features='sqrt'` or remove this parameter as it is also the default value for RandomForestClassifiers and ExtraTreesClassifiers.
  warn(
/home/ilc/midir/miniconda3/envs/ml-env/lib/python3.10/site-packages/sklearn/ensemble/_forest.py:424: FutureWarning: `max_features='auto'` has been deprecated in 1.1 and will be removed in 1.3. To keep the past behaviour, explicitly set `max_features='sqrt'` or remove this parameter as it is also the default value for RandomForestClassifiers and ExtraTreesClassifiers.
  warn(
/home/ilc/midir/miniconda3/envs/ml-env/lib/python3.10/site-packages/sklearn/ensemble/_forest.py:424: FutureWarning: `max_features='auto'` has been deprecated in 1.1 and will be removed in 1.3. To keep the past behaviour, explicitly set `max_features='sqrt'` or remove this parameter as it is also the default value for RandomForestClassifiers and ExtraTreesClassifiers.
  warn(
/home/ilc/midir/miniconda3/envs/ml-env/lib/python3.10/site-packages/sklearn/ensemble/_forest.py:424: FutureWarning: `max_features='auto'` has been deprecated in 1.1 and will be removed in 1.3. To keep the past behaviour, explicitly set `max_features='sqrt'` or remove this parameter as it is also the default value for RandomForestClassifiers and ExtraTreesClassifiers.
  warn(
/home/ilc/midir/miniconda3/envs/ml-env/lib/python3.10/site-packages/sklearn/ensemble/_forest.py:424: FutureWarning: `max_features='auto'` has been deprecated in 1.1 and will be removed in 1.3. To keep the past behaviour, explicitly set `max_features='sqrt'` or remove this parameter as it is also the default value for RandomForestClassifiers and ExtraTreesClassifiers.
  warn(
/home/ilc/midir/miniconda3/envs/ml-env/lib/python3.10/site-packages/sklearn/ensemble/_forest.py:424: FutureWarning: `max_features='auto'` has been deprecated in 1.1 and will be removed in 1.3. To keep the past behaviour, explicitly set `max_features='sqrt'` or remove this parameter as it is also the default value for RandomForestClassifiers and ExtraTreesClassifiers.
  warn(
[CV] END max_depth=None, max_features=sqrt, min_samples_split=10, n_estimators=100; total time=   3.7s
[CV] END max_depth=None, max_features=sqrt, min_samples_split=10, n_estimators=100; total time=   3.5s
[CV] END max_depth=None, max_features=sqrt, min_samples_split=10, n_estimators=100; total time=   3.6s
[CV] END max_depth=None, max_features=sqrt, min_samples_split=10, n_estimators=300; total time=   8.9s
[CV] END max_depth=None, max_features=sqrt, min_samples_split=10, n_estimators=300; total time=   8.9s
[CV] END max_depth=None, max_features=sqrt, min_samples_split=10, n_estimators=300; total time=   8.8s
[CV] END max_depth=None, max_features=sqrt, min_samples_split=10, n_estimators=300; total time=   8.9s
[CV] END max_depth=None, max_features=sqrt, min_samples_split=10, n_estimators=300; total time=   9.1s
[CV] END max_depth=None, max_features=sqrt, min_samples_split=10, n_estimators=500; total time=  14.6s
[CV] END max_depth=None, max_features=sqrt, min_samples_split=10, n_estimators=500; total time=  14.6s
[CV] END max_depth=None, max_features=sqrt, min_samples_split=10, n_estimators=500; total time=  14.6s
[CV] END max_depth=None, max_features=sqrt, min_samples_split=10, n_estimators=500; total time=  14.6s
[CV] END max_depth=None, max_features=sqrt, min_samples_split=10, n_estimators=500; total time=  14.7s
[CV] END max_depth=None, max_features=log2, min_samples_split=2, n_estimators=100; total time=   3.6s
[CV] END max_depth=None, max_features=log2, min_samples_split=2, n_estimators=100; total time=   3.6s
[CV] END max_depth=None, max_features=log2, min_samples_split=2, n_estimators=100; total time=   3.6s
[CV] END max_depth=None, max_features=log2, min_samples_split=2, n_estimators=100; total time=   3.6s
[CV] END max_depth=None, max_features=log2, min_samples_split=2, n_estimators=100; total time=   3.8s
[CV] END max_depth=None, max_features=log2, min_samples_split=2, n_estimators=300; total time=   9.1s
[CV] END max_depth=None, max_features=log2, min_samples_split=2, n_estimators=300; total time=   9.2s
[CV] END max_depth=None, max_features=log2, min_samples_split=2, n_estimators=300; total time=   9.1s
[CV] END max_depth=None, max_features=log2, min_samples_split=2, n_estimators=300; total time=   9.2s
[CV] END max_depth=None, max_features=log2, min_samples_split=2, n_estimators=300; total time=   9.2s
[CV] END max_depth=None, max_features=log2, min_samples_split=2, n_estimators=500; total time=  15.1s
[CV] END max_depth=None, max_features=log2, min_samples_split=2, n_estimators=500; total time=  14.9s
[CV] END max_depth=None, max_features=log2, min_samples_split=2, n_estimators=500; total time=  15.0s
[CV] END max_depth=None, max_features=log2, min_samples_split=2, n_estimators=500; total time=  15.2s
[CV] END max_depth=None, max_features=log2, min_samples_split=2, n_estimators=500; total time=  15.1s
[CV] END max_depth=None, max_features=log2, min_samples_split=5, n_estimators=100; total time=   3.7s
[CV] END max_depth=None, max_features=log2, min_samples_split=5, n_estimators=100; total time=   3.7s
[CV] END max_depth=None, max_features=log2, min_samples_split=5, n_estimators=100; total time=   3.6s
[CV] END max_depth=None, max_features=log2, min_samples_split=5, n_estimators=100; total time=   3.5s
[CV] END max_depth=None, max_features=log2, min_samples_split=5, n_estimators=100; total time=   3.7s
[CV] END max_depth=None, max_features=log2, min_samples_split=5, n_estimators=300; total time=   9.1s
[CV] END max_depth=None, max_features=log2, min_samples_split=5, n_estimators=300; total time=   9.1s
[CV] END max_depth=None, max_features=log2, min_samples_split=5, n_estimators=300; total time=   9.3s
[CV] END max_depth=None, max_features=log2, min_samples_split=5, n_estimators=300; total time=   9.2s
[CV] END max_depth=None, max_features=log2, min_samples_split=5, n_estimators=300; total time=   9.1s
[CV] END max_depth=None, max_features=log2, min_samples_split=5, n_estimators=500; total time=  15.1s
[CV] END max_depth=None, max_features=log2, min_samples_split=5, n_estimators=500; total time=  15.0s
[CV] END max_depth=None, max_features=log2, min_samples_split=5, n_estimators=500; total time=  14.8s
[CV] END max_depth=None, max_features=log2, min_samples_split=5, n_estimators=500; total time=  14.7s
[CV] END max_depth=None, max_features=log2, min_samples_split=5, n_estimators=500; total time=  14.9s
[CV] END max_depth=None, max_features=log2, min_samples_split=10, n_estimators=100; total time=   3.5s
[CV] END max_depth=None, max_features=log2, min_samples_split=10, n_estimators=100; total time=   3.6s
[CV] END max_depth=None, max_features=log2, min_samples_split=10, n_estimators=100; total time=   3.6s
[CV] END max_depth=None, max_features=log2, min_samples_split=10, n_estimators=100; total time=   3.6s
[CV] END max_depth=None, max_features=log2, min_samples_split=10, n_estimators=100; total time=   3.6s
[CV] END max_depth=None, max_features=log2, min_samples_split=10, n_estimators=300; total time=   8.8s
[CV] END max_depth=None, max_features=log2, min_samples_split=10, n_estimators=300; total time=   8.9s
[CV] END max_depth=None, max_features=log2, min_samples_split=10, n_estimators=300; total time=   8.9s
[CV] END max_depth=None, max_features=log2, min_samples_split=10, n_estimators=300; total time=   8.9s
[CV] END max_depth=None, max_features=log2, min_samples_split=10, n_estimators=300; total time=   9.0s
[CV] END max_depth=None, max_features=log2, min_samples_split=10, n_estimators=500; total time=  14.7s
[CV] END max_depth=None, max_features=log2, min_samples_split=10, n_estimators=500; total time=  14.8s
[CV] END max_depth=None, max_features=log2, min_samples_split=10, n_estimators=500; total time=  14.5s
[CV] END max_depth=None, max_features=log2, min_samples_split=10, n_estimators=500; total time=  14.6s
[CV] END max_depth=None, max_features=log2, min_samples_split=10, n_estimators=500; total time=  14.7s
[CV] END max_depth=10, max_features=auto, min_samples_split=2, n_estimators=100; total time=   2.4s
[CV] END max_depth=10, max_features=auto, min_samples_split=2, n_estimators=100; total time=   2.4s
[CV] END max_depth=10, max_features=auto, min_samples_split=2, n_estimators=100; total time=   2.3s
[CV] END max_depth=10, max_features=auto, min_samples_split=2, n_estimators=100; total time=   2.3s
[CV] END max_depth=10, max_features=auto, min_samples_split=2, n_estimators=100; total time=   2.4s
[CV] END max_depth=10, max_features=auto, min_samples_split=2, n_estimators=300; total time=   5.9s
[CV] END max_depth=10, max_features=auto, min_samples_split=2, n_estimators=300; total time=   5.8s
[CV] END max_depth=10, max_features=auto, min_samples_split=2, n_estimators=300; total time=   6.0s
[CV] END max_depth=10, max_features=auto, min_samples_split=2, n_estimators=300; total time=   6.0s
[CV] END max_depth=10, max_features=auto, min_samples_split=2, n_estimators=300; total time=   5.9s
[CV] END max_depth=10, max_features=auto, min_samples_split=2, n_estimators=500; total time=   9.6s
[CV] END max_depth=10, max_features=auto, min_samples_split=2, n_estimators=500; total time=   9.7s
[CV] END max_depth=10, max_features=auto, min_samples_split=2, n_estimators=500; total time=   9.7s
[CV] END max_depth=10, max_features=auto, min_samples_split=2, n_estimators=500; total time=   9.8s
[CV] END max_depth=10, max_features=auto, min_samples_split=2, n_estimators=500; total time=   9.7s
[CV] END max_depth=10, max_features=auto, min_samples_split=5, n_estimators=100; total time=   2.4s
[CV] END max_depth=10, max_features=auto, min_samples_split=5, n_estimators=100; total time=   2.4s
[CV] END max_depth=10, max_features=auto, min_samples_split=5, n_estimators=100; total time=   2.3s
[CV] END max_depth=10, max_features=auto, min_samples_split=5, n_estimators=100; total time=   2.4s
[CV] END max_depth=10, max_features=auto, min_samples_split=5, n_estimators=100; total time=   2.4s
[CV] END max_depth=10, max_features=auto, min_samples_split=5, n_estimators=300; total time=   6.0s
[CV] END max_depth=10, max_features=auto, min_samples_split=5, n_estimators=300; total time=   5.9s
/home/ilc/midir/miniconda3/envs/ml-env/lib/python3.10/site-packages/sklearn/ensemble/_forest.py:424: FutureWarning: `max_features='auto'` has been deprecated in 1.1 and will be removed in 1.3. To keep the past behaviour, explicitly set `max_features='sqrt'` or remove this parameter as it is also the default value for RandomForestClassifiers and ExtraTreesClassifiers.
  warn(
/home/ilc/midir/miniconda3/envs/ml-env/lib/python3.10/site-packages/sklearn/ensemble/_forest.py:424: FutureWarning: `max_features='auto'` has been deprecated in 1.1 and will be removed in 1.3. To keep the past behaviour, explicitly set `max_features='sqrt'` or remove this parameter as it is also the default value for RandomForestClassifiers and ExtraTreesClassifiers.
  warn(
/home/ilc/midir/miniconda3/envs/ml-env/lib/python3.10/site-packages/sklearn/ensemble/_forest.py:424: FutureWarning: `max_features='auto'` has been deprecated in 1.1 and will be removed in 1.3. To keep the past behaviour, explicitly set `max_features='sqrt'` or remove this parameter as it is also the default value for RandomForestClassifiers and ExtraTreesClassifiers.
  warn(
/home/ilc/midir/miniconda3/envs/ml-env/lib/python3.10/site-packages/sklearn/ensemble/_forest.py:424: FutureWarning: `max_features='auto'` has been deprecated in 1.1 and will be removed in 1.3. To keep the past behaviour, explicitly set `max_features='sqrt'` or remove this parameter as it is also the default value for RandomForestClassifiers and ExtraTreesClassifiers.
  warn(
/home/ilc/midir/miniconda3/envs/ml-env/lib/python3.10/site-packages/sklearn/ensemble/_forest.py:424: FutureWarning: `max_features='auto'` has been deprecated in 1.1 and will be removed in 1.3. To keep the past behaviour, explicitly set `max_features='sqrt'` or remove this parameter as it is also the default value for RandomForestClassifiers and ExtraTreesClassifiers.
  warn(
/home/ilc/midir/miniconda3/envs/ml-env/lib/python3.10/site-packages/sklearn/ensemble/_forest.py:424: FutureWarning: `max_features='auto'` has been deprecated in 1.1 and will be removed in 1.3. To keep the past behaviour, explicitly set `max_features='sqrt'` or remove this parameter as it is also the default value for RandomForestClassifiers and ExtraTreesClassifiers.
  warn(
/home/ilc/midir/miniconda3/envs/ml-env/lib/python3.10/site-packages/sklearn/ensemble/_forest.py:424: FutureWarning: `max_features='auto'` has been deprecated in 1.1 and will be removed in 1.3. To keep the past behaviour, explicitly set `max_features='sqrt'` or remove this parameter as it is also the default value for RandomForestClassifiers and ExtraTreesClassifiers.
  warn(
/home/ilc/midir/miniconda3/envs/ml-env/lib/python3.10/site-packages/sklearn/ensemble/_forest.py:424: FutureWarning: `max_features='auto'` has been deprecated in 1.1 and will be removed in 1.3. To keep the past behaviour, explicitly set `max_features='sqrt'` or remove this parameter as it is also the default value for RandomForestClassifiers and ExtraTreesClassifiers.
  warn(
/home/ilc/midir/miniconda3/envs/ml-env/lib/python3.10/site-packages/sklearn/ensemble/_forest.py:424: FutureWarning: `max_features='auto'` has been deprecated in 1.1 and will be removed in 1.3. To keep the past behaviour, explicitly set `max_features='sqrt'` or remove this parameter as it is also the default value for RandomForestClassifiers and ExtraTreesClassifiers.
  warn(
/home/ilc/midir/miniconda3/envs/ml-env/lib/python3.10/site-packages/sklearn/ensemble/_forest.py:424: FutureWarning: `max_features='auto'` has been deprecated in 1.1 and will be removed in 1.3. To keep the past behaviour, explicitly set `max_features='sqrt'` or remove this parameter as it is also the default value for RandomForestClassifiers and ExtraTreesClassifiers.
  warn(
/home/ilc/midir/miniconda3/envs/ml-env/lib/python3.10/site-packages/sklearn/ensemble/_forest.py:424: FutureWarning: `max_features='auto'` has been deprecated in 1.1 and will be removed in 1.3. To keep the past behaviour, explicitly set `max_features='sqrt'` or remove this parameter as it is also the default value for RandomForestClassifiers and ExtraTreesClassifiers.
  warn(
/home/ilc/midir/miniconda3/envs/ml-env/lib/python3.10/site-packages/sklearn/ensemble/_forest.py:424: FutureWarning: `max_features='auto'` has been deprecated in 1.1 and will be removed in 1.3. To keep the past behaviour, explicitly set `max_features='sqrt'` or remove this parameter as it is also the default value for RandomForestClassifiers and ExtraTreesClassifiers.
  warn(
/home/ilc/midir/miniconda3/envs/ml-env/lib/python3.10/site-packages/sklearn/ensemble/_forest.py:424: FutureWarning: `max_features='auto'` has been deprecated in 1.1 and will be removed in 1.3. To keep the past behaviour, explicitly set `max_features='sqrt'` or remove this parameter as it is also the default value for RandomForestClassifiers and ExtraTreesClassifiers.
  warn(
/home/ilc/midir/miniconda3/envs/ml-env/lib/python3.10/site-packages/sklearn/ensemble/_forest.py:424: FutureWarning: `max_features='auto'` has been deprecated in 1.1 and will be removed in 1.3. To keep the past behaviour, explicitly set `max_features='sqrt'` or remove this parameter as it is also the default value for RandomForestClassifiers and ExtraTreesClassifiers.
  warn(
/home/ilc/midir/miniconda3/envs/ml-env/lib/python3.10/site-packages/sklearn/ensemble/_forest.py:424: FutureWarning: `max_features='auto'` has been deprecated in 1.1 and will be removed in 1.3. To keep the past behaviour, explicitly set `max_features='sqrt'` or remove this parameter as it is also the default value for RandomForestClassifiers and ExtraTreesClassifiers.
  warn(
/home/ilc/midir/miniconda3/envs/ml-env/lib/python3.10/site-packages/sklearn/ensemble/_forest.py:424: FutureWarning: `max_features='auto'` has been deprecated in 1.1 and will be removed in 1.3. To keep the past behaviour, explicitly set `max_features='sqrt'` or remove this parameter as it is also the default value for RandomForestClassifiers and ExtraTreesClassifiers.
  warn(
/home/ilc/midir/miniconda3/envs/ml-env/lib/python3.10/site-packages/sklearn/ensemble/_forest.py:424: FutureWarning: `max_features='auto'` has been deprecated in 1.1 and will be removed in 1.3. To keep the past behaviour, explicitly set `max_features='sqrt'` or remove this parameter as it is also the default value for RandomForestClassifiers and ExtraTreesClassifiers.
  warn(
/home/ilc/midir/miniconda3/envs/ml-env/lib/python3.10/site-packages/sklearn/ensemble/_forest.py:424: FutureWarning: `max_features='auto'` has been deprecated in 1.1 and will be removed in 1.3. To keep the past behaviour, explicitly set `max_features='sqrt'` or remove this parameter as it is also the default value for RandomForestClassifiers and ExtraTreesClassifiers.
  warn(
/home/ilc/midir/miniconda3/envs/ml-env/lib/python3.10/site-packages/sklearn/ensemble/_forest.py:424: FutureWarning: `max_features='auto'` has been deprecated in 1.1 and will be removed in 1.3. To keep the past behaviour, explicitly set `max_features='sqrt'` or remove this parameter as it is also the default value for RandomForestClassifiers and ExtraTreesClassifiers.
  warn(
/home/ilc/midir/miniconda3/envs/ml-env/lib/python3.10/site-packages/sklearn/ensemble/_forest.py:424: FutureWarning: `max_features='auto'` has been deprecated in 1.1 and will be removed in 1.3. To keep the past behaviour, explicitly set `max_features='sqrt'` or remove this parameter as it is also the default value for RandomForestClassifiers and ExtraTreesClassifiers.
  warn(
/home/ilc/midir/miniconda3/envs/ml-env/lib/python3.10/site-packages/sklearn/ensemble/_forest.py:424: FutureWarning: `max_features='auto'` has been deprecated in 1.1 and will be removed in 1.3. To keep the past behaviour, explicitly set `max_features='sqrt'` or remove this parameter as it is also the default value for RandomForestClassifiers and ExtraTreesClassifiers.
  warn(
/home/ilc/midir/miniconda3/envs/ml-env/lib/python3.10/site-packages/sklearn/ensemble/_forest.py:424: FutureWarning: `max_features='auto'` has been deprecated in 1.1 and will be removed in 1.3. To keep the past behaviour, explicitly set `max_features='sqrt'` or remove this parameter as it is also the default value for RandomForestClassifiers and ExtraTreesClassifiers.
  warn(
/home/ilc/midir/miniconda3/envs/ml-env/lib/python3.10/site-packages/sklearn/ensemble/_forest.py:424: FutureWarning: `max_features='auto'` has been deprecated in 1.1 and will be removed in 1.3. To keep the past behaviour, explicitly set `max_features='sqrt'` or remove this parameter as it is also the default value for RandomForestClassifiers and ExtraTreesClassifiers.
  warn(
/home/ilc/midir/miniconda3/envs/ml-env/lib/python3.10/site-packages/sklearn/ensemble/_forest.py:424: FutureWarning: `max_features='auto'` has been deprecated in 1.1 and will be removed in 1.3. To keep the past behaviour, explicitly set `max_features='sqrt'` or remove this parameter as it is also the default value for RandomForestClassifiers and ExtraTreesClassifiers.
  warn(
/home/ilc/midir/miniconda3/envs/ml-env/lib/python3.10/site-packages/sklearn/ensemble/_forest.py:424: FutureWarning: `max_features='auto'` has been deprecated in 1.1 and will be removed in 1.3. To keep the past behaviour, explicitly set `max_features='sqrt'` or remove this parameter as it is also the default value for RandomForestClassifiers and ExtraTreesClassifiers.
  warn(
/home/ilc/midir/miniconda3/envs/ml-env/lib/python3.10/site-packages/sklearn/ensemble/_forest.py:424: FutureWarning: `max_features='auto'` has been deprecated in 1.1 and will be removed in 1.3. To keep the past behaviour, explicitly set `max_features='sqrt'` or remove this parameter as it is also the default value for RandomForestClassifiers and ExtraTreesClassifiers.
  warn(
/home/ilc/midir/miniconda3/envs/ml-env/lib/python3.10/site-packages/sklearn/ensemble/_forest.py:424: FutureWarning: `max_features='auto'` has been deprecated in 1.1 and will be removed in 1.3. To keep the past behaviour, explicitly set `max_features='sqrt'` or remove this parameter as it is also the default value for RandomForestClassifiers and ExtraTreesClassifiers.
  warn(
/home/ilc/midir/miniconda3/envs/ml-env/lib/python3.10/site-packages/sklearn/ensemble/_forest.py:424: FutureWarning: `max_features='auto'` has been deprecated in 1.1 and will be removed in 1.3. To keep the past behaviour, explicitly set `max_features='sqrt'` or remove this parameter as it is also the default value for RandomForestClassifiers and ExtraTreesClassifiers.
  warn(
/home/ilc/midir/miniconda3/envs/ml-env/lib/python3.10/site-packages/sklearn/ensemble/_forest.py:424: FutureWarning: `max_features='auto'` has been deprecated in 1.1 and will be removed in 1.3. To keep the past behaviour, explicitly set `max_features='sqrt'` or remove this parameter as it is also the default value for RandomForestClassifiers and ExtraTreesClassifiers.
  warn(
/home/ilc/midir/miniconda3/envs/ml-env/lib/python3.10/site-packages/sklearn/ensemble/_forest.py:424: FutureWarning: `max_features='auto'` has been deprecated in 1.1 and will be removed in 1.3. To keep the past behaviour, explicitly set `max_features='sqrt'` or remove this parameter as it is also the default value for RandomForestClassifiers and ExtraTreesClassifiers.
  warn(
/home/ilc/midir/miniconda3/envs/ml-env/lib/python3.10/site-packages/sklearn/ensemble/_forest.py:424: FutureWarning: `max_features='auto'` has been deprecated in 1.1 and will be removed in 1.3. To keep the past behaviour, explicitly set `max_features='sqrt'` or remove this parameter as it is also the default value for RandomForestClassifiers and ExtraTreesClassifiers.
  warn(
/home/ilc/midir/miniconda3/envs/ml-env/lib/python3.10/site-packages/sklearn/ensemble/_forest.py:424: FutureWarning: `max_features='auto'` has been deprecated in 1.1 and will be removed in 1.3. To keep the past behaviour, explicitly set `max_features='sqrt'` or remove this parameter as it is also the default value for RandomForestClassifiers and ExtraTreesClassifiers.
  warn(
/home/ilc/midir/miniconda3/envs/ml-env/lib/python3.10/site-packages/sklearn/ensemble/_forest.py:424: FutureWarning: `max_features='auto'` has been deprecated in 1.1 and will be removed in 1.3. To keep the past behaviour, explicitly set `max_features='sqrt'` or remove this parameter as it is also the default value for RandomForestClassifiers and ExtraTreesClassifiers.
  warn(
/home/ilc/midir/miniconda3/envs/ml-env/lib/python3.10/site-packages/sklearn/ensemble/_forest.py:424: FutureWarning: `max_features='auto'` has been deprecated in 1.1 and will be removed in 1.3. To keep the past behaviour, explicitly set `max_features='sqrt'` or remove this parameter as it is also the default value for RandomForestClassifiers and ExtraTreesClassifiers.
  warn(
/home/ilc/midir/miniconda3/envs/ml-env/lib/python3.10/site-packages/sklearn/ensemble/_forest.py:424: FutureWarning: `max_features='auto'` has been deprecated in 1.1 and will be removed in 1.3. To keep the past behaviour, explicitly set `max_features='sqrt'` or remove this parameter as it is also the default value for RandomForestClassifiers and ExtraTreesClassifiers.
  warn(
/home/ilc/midir/miniconda3/envs/ml-env/lib/python3.10/site-packages/sklearn/ensemble/_forest.py:424: FutureWarning: `max_features='auto'` has been deprecated in 1.1 and will be removed in 1.3. To keep the past behaviour, explicitly set `max_features='sqrt'` or remove this parameter as it is also the default value for RandomForestClassifiers and ExtraTreesClassifiers.
  warn(
/home/ilc/midir/miniconda3/envs/ml-env/lib/python3.10/site-packages/sklearn/ensemble/_forest.py:424: FutureWarning: `max_features='auto'` has been deprecated in 1.1 and will be removed in 1.3. To keep the past behaviour, explicitly set `max_features='sqrt'` or remove this parameter as it is also the default value for RandomForestClassifiers and ExtraTreesClassifiers.
  warn(
/home/ilc/midir/miniconda3/envs/ml-env/lib/python3.10/site-packages/sklearn/ensemble/_forest.py:424: FutureWarning: `max_features='auto'` has been deprecated in 1.1 and will be removed in 1.3. To keep the past behaviour, explicitly set `max_features='sqrt'` or remove this parameter as it is also the default value for RandomForestClassifiers and ExtraTreesClassifiers.
  warn(
/home/ilc/midir/miniconda3/envs/ml-env/lib/python3.10/site-packages/sklearn/ensemble/_forest.py:424: FutureWarning: `max_features='auto'` has been deprecated in 1.1 and will be removed in 1.3. To keep the past behaviour, explicitly set `max_features='sqrt'` or remove this parameter as it is also the default value for RandomForestClassifiers and ExtraTreesClassifiers.
  warn(
/home/ilc/midir/miniconda3/envs/ml-env/lib/python3.10/site-packages/sklearn/ensemble/_forest.py:424: FutureWarning: `max_features='auto'` has been deprecated in 1.1 and will be removed in 1.3. To keep the past behaviour, explicitly set `max_features='sqrt'` or remove this parameter as it is also the default value for RandomForestClassifiers and ExtraTreesClassifiers.
  warn(
/home/ilc/midir/miniconda3/envs/ml-env/lib/python3.10/site-packages/sklearn/ensemble/_forest.py:424: FutureWarning: `max_features='auto'` has been deprecated in 1.1 and will be removed in 1.3. To keep the past behaviour, explicitly set `max_features='sqrt'` or remove this parameter as it is also the default value for RandomForestClassifiers and ExtraTreesClassifiers.
  warn(
/home/ilc/midir/miniconda3/envs/ml-env/lib/python3.10/site-packages/sklearn/ensemble/_forest.py:424: FutureWarning: `max_features='auto'` has been deprecated in 1.1 and will be removed in 1.3. To keep the past behaviour, explicitly set `max_features='sqrt'` or remove this parameter as it is also the default value for RandomForestClassifiers and ExtraTreesClassifiers.
  warn(
/home/ilc/midir/miniconda3/envs/ml-env/lib/python3.10/site-packages/sklearn/ensemble/_forest.py:424: FutureWarning: `max_features='auto'` has been deprecated in 1.1 and will be removed in 1.3. To keep the past behaviour, explicitly set `max_features='sqrt'` or remove this parameter as it is also the default value for RandomForestClassifiers and ExtraTreesClassifiers.
  warn(
/home/ilc/midir/miniconda3/envs/ml-env/lib/python3.10/site-packages/sklearn/ensemble/_forest.py:424: FutureWarning: `max_features='auto'` has been deprecated in 1.1 and will be removed in 1.3. To keep the past behaviour, explicitly set `max_features='sqrt'` or remove this parameter as it is also the default value for RandomForestClassifiers and ExtraTreesClassifiers.
  warn(
/home/ilc/midir/miniconda3/envs/ml-env/lib/python3.10/site-packages/sklearn/ensemble/_forest.py:424: FutureWarning: `max_features='auto'` has been deprecated in 1.1 and will be removed in 1.3. To keep the past behaviour, explicitly set `max_features='sqrt'` or remove this parameter as it is also the default value for RandomForestClassifiers and ExtraTreesClassifiers.
  warn(
[CV] END max_depth=10, max_features=auto, min_samples_split=5, n_estimators=300; total time=   6.0s
[CV] END max_depth=10, max_features=auto, min_samples_split=5, n_estimators=300; total time=   6.0s
[CV] END max_depth=10, max_features=auto, min_samples_split=5, n_estimators=300; total time=   6.0s
[CV] END max_depth=10, max_features=auto, min_samples_split=5, n_estimators=500; total time=   9.7s
[CV] END max_depth=10, max_features=auto, min_samples_split=5, n_estimators=500; total time=   9.7s
[CV] END max_depth=10, max_features=auto, min_samples_split=5, n_estimators=500; total time=   9.6s
[CV] END max_depth=10, max_features=auto, min_samples_split=5, n_estimators=500; total time=   9.6s
[CV] END max_depth=10, max_features=auto, min_samples_split=5, n_estimators=500; total time=   9.6s
[CV] END max_depth=10, max_features=auto, min_samples_split=10, n_estimators=100; total time=   2.4s
[CV] END max_depth=10, max_features=auto, min_samples_split=10, n_estimators=100; total time=   2.4s
[CV] END max_depth=10, max_features=auto, min_samples_split=10, n_estimators=100; total time=   2.4s
[CV] END max_depth=10, max_features=auto, min_samples_split=10, n_estimators=100; total time=   2.3s
[CV] END max_depth=10, max_features=auto, min_samples_split=10, n_estimators=100; total time=   2.3s
[CV] END max_depth=10, max_features=auto, min_samples_split=10, n_estimators=300; total time=   6.0s
[CV] END max_depth=10, max_features=auto, min_samples_split=10, n_estimators=300; total time=   5.8s
[CV] END max_depth=10, max_features=auto, min_samples_split=10, n_estimators=300; total time=   5.9s
[CV] END max_depth=10, max_features=auto, min_samples_split=10, n_estimators=300; total time=   5.9s
[CV] END max_depth=10, max_features=auto, min_samples_split=10, n_estimators=300; total time=   6.0s
[CV] END max_depth=10, max_features=auto, min_samples_split=10, n_estimators=500; total time=   9.7s
[CV] END max_depth=10, max_features=auto, min_samples_split=10, n_estimators=500; total time=   9.7s
[CV] END max_depth=10, max_features=auto, min_samples_split=10, n_estimators=500; total time=   9.6s
[CV] END max_depth=10, max_features=auto, min_samples_split=10, n_estimators=500; total time=   9.7s
[CV] END max_depth=10, max_features=auto, min_samples_split=10, n_estimators=500; total time=   9.7s
[CV] END max_depth=10, max_features=sqrt, min_samples_split=2, n_estimators=100; total time=   2.4s
[CV] END max_depth=10, max_features=sqrt, min_samples_split=2, n_estimators=100; total time=   2.4s
[CV] END max_depth=10, max_features=sqrt, min_samples_split=2, n_estimators=100; total time=   2.4s
[CV] END max_depth=10, max_features=sqrt, min_samples_split=2, n_estimators=100; total time=   2.4s
[CV] END max_depth=10, max_features=sqrt, min_samples_split=2, n_estimators=100; total time=   2.5s
[CV] END max_depth=10, max_features=sqrt, min_samples_split=2, n_estimators=300; total time=   5.9s
[CV] END max_depth=10, max_features=sqrt, min_samples_split=2, n_estimators=300; total time=   5.9s
[CV] END max_depth=10, max_features=sqrt, min_samples_split=2, n_estimators=300; total time=   5.9s
[CV] END max_depth=10, max_features=sqrt, min_samples_split=2, n_estimators=300; total time=   6.0s
[CV] END max_depth=10, max_features=sqrt, min_samples_split=2, n_estimators=300; total time=   5.9s
[CV] END max_depth=10, max_features=sqrt, min_samples_split=2, n_estimators=500; total time=   9.7s
[CV] END max_depth=10, max_features=sqrt, min_samples_split=2, n_estimators=500; total time=   9.7s
[CV] END max_depth=10, max_features=sqrt, min_samples_split=2, n_estimators=500; total time=   9.8s
[CV] END max_depth=10, max_features=sqrt, min_samples_split=2, n_estimators=500; total time=   9.6s
[CV] END max_depth=10, max_features=sqrt, min_samples_split=2, n_estimators=500; total time=   9.6s
[CV] END max_depth=10, max_features=sqrt, min_samples_split=5, n_estimators=100; total time=   2.4s
[CV] END max_depth=10, max_features=sqrt, min_samples_split=5, n_estimators=100; total time=   2.3s
[CV] END max_depth=10, max_features=sqrt, min_samples_split=5, n_estimators=100; total time=   2.3s
[CV] END max_depth=10, max_features=sqrt, min_samples_split=5, n_estimators=100; total time=   2.4s
[CV] END max_depth=10, max_features=sqrt, min_samples_split=5, n_estimators=100; total time=   2.4s
[CV] END max_depth=10, max_features=sqrt, min_samples_split=5, n_estimators=300; total time=   6.0s
[CV] END max_depth=10, max_features=sqrt, min_samples_split=5, n_estimators=300; total time=   6.0s
[CV] END max_depth=10, max_features=sqrt, min_samples_split=5, n_estimators=300; total time=   5.9s
[CV] END max_depth=10, max_features=sqrt, min_samples_split=5, n_estimators=300; total time=   5.9s
[CV] END max_depth=10, max_features=sqrt, min_samples_split=5, n_estimators=300; total time=   5.9s
[CV] END max_depth=10, max_features=sqrt, min_samples_split=5, n_estimators=500; total time=   9.7s
[CV] END max_depth=10, max_features=sqrt, min_samples_split=5, n_estimators=500; total time=   9.5s
[CV] END max_depth=10, max_features=sqrt, min_samples_split=5, n_estimators=500; total time=   9.7s
[CV] END max_depth=10, max_features=sqrt, min_samples_split=5, n_estimators=500; total time=   9.6s
[CV] END max_depth=10, max_features=sqrt, min_samples_split=5, n_estimators=500; total time=   9.6s
[CV] END max_depth=10, max_features=sqrt, min_samples_split=10, n_estimators=100; total time=   2.5s
[CV] END max_depth=10, max_features=sqrt, min_samples_split=10, n_estimators=100; total time=   2.5s
[CV] END max_depth=10, max_features=sqrt, min_samples_split=10, n_estimators=100; total time=   2.3s
[CV] END max_depth=10, max_features=sqrt, min_samples_split=10, n_estimators=100; total time=   2.3s
[CV] END max_depth=10, max_features=sqrt, min_samples_split=10, n_estimators=100; total time=   2.3s
[CV] END max_depth=10, max_features=sqrt, min_samples_split=10, n_estimators=300; total time=   6.0s
[CV] END max_depth=10, max_features=sqrt, min_samples_split=10, n_estimators=300; total time=   5.9s
[CV] END max_depth=10, max_features=sqrt, min_samples_split=10, n_estimators=300; total time=   5.9s
[CV] END max_depth=10, max_features=sqrt, min_samples_split=10, n_estimators=300; total time=   5.9s
[CV] END max_depth=10, max_features=sqrt, min_samples_split=10, n_estimators=300; total time=   6.0s
[CV] END max_depth=10, max_features=sqrt, min_samples_split=10, n_estimators=500; total time=   9.8s
[CV] END max_depth=10, max_features=sqrt, min_samples_split=10, n_estimators=500; total time=   9.7s
[CV] END max_depth=10, max_features=sqrt, min_samples_split=10, n_estimators=500; total time=   9.5s
[CV] END max_depth=10, max_features=sqrt, min_samples_split=10, n_estimators=500; total time=   9.6s
[CV] END max_depth=10, max_features=sqrt, min_samples_split=10, n_estimators=500; total time=   9.6s
[CV] END max_depth=10, max_features=log2, min_samples_split=2, n_estimators=100; total time=   2.4s
[CV] END max_depth=10, max_features=log2, min_samples_split=2, n_estimators=100; total time=   2.4s
[CV] END max_depth=10, max_features=log2, min_samples_split=2, n_estimators=100; total time=   2.3s
[CV] END max_depth=10, max_features=log2, min_samples_split=2, n_estimators=100; total time=   2.4s
[CV] END max_depth=10, max_features=log2, min_samples_split=2, n_estimators=100; total time=   2.4s
[CV] END max_depth=10, max_features=log2, min_samples_split=2, n_estimators=300; total time=   5.9s
[CV] END max_depth=10, max_features=log2, min_samples_split=2, n_estimators=300; total time=   5.9s
[CV] END max_depth=10, max_features=log2, min_samples_split=2, n_estimators=300; total time=   6.0s
[CV] END max_depth=10, max_features=log2, min_samples_split=2, n_estimators=300; total time=   6.0s
[CV] END max_depth=10, max_features=log2, min_samples_split=2, n_estimators=300; total time=   5.9s
[CV] END max_depth=10, max_features=log2, min_samples_split=2, n_estimators=500; total time=   9.7s
[CV] END max_depth=10, max_features=log2, min_samples_split=2, n_estimators=500; total time=   9.8s
[CV] END max_depth=10, max_features=log2, min_samples_split=2, n_estimators=500; total time=   9.7s
[CV] END max_depth=10, max_features=log2, min_samples_split=2, n_estimators=500; total time=   9.7s
[CV] END max_depth=10, max_features=log2, min_samples_split=2, n_estimators=500; total time=   9.7s
[CV] END max_depth=10, max_features=log2, min_samples_split=5, n_estimators=100; total time=   2.4s
[CV] END max_depth=10, max_features=log2, min_samples_split=5, n_estimators=100; total time=   2.4s
[CV] END max_depth=10, max_features=log2, min_samples_split=5, n_estimators=100; total time=   2.3s
[CV] END max_depth=10, max_features=log2, min_samples_split=5, n_estimators=100; total time=   2.4s
[CV] END max_depth=10, max_features=log2, min_samples_split=5, n_estimators=100; total time=   2.4s
[CV] END max_depth=10, max_features=log2, min_samples_split=5, n_estimators=300; total time=   5.9s
[CV] END max_depth=10, max_features=log2, min_samples_split=5, n_estimators=300; total time=   5.9s
[CV] END max_depth=10, max_features=log2, min_samples_split=5, n_estimators=300; total time=   5.9s
[CV] END max_depth=10, max_features=log2, min_samples_split=5, n_estimators=300; total time=   5.9s
[CV] END max_depth=10, max_features=log2, min_samples_split=5, n_estimators=300; total time=   6.0s
[CV] END max_depth=10, max_features=log2, min_samples_split=5, n_estimators=500; total time=   9.6s
[CV] END max_depth=10, max_features=log2, min_samples_split=5, n_estimators=500; total time=   9.6s
[CV] END max_depth=10, max_features=log2, min_samples_split=5, n_estimators=500; total time=   9.6s
[CV] END max_depth=10, max_features=log2, min_samples_split=5, n_estimators=500; total time=   9.6s
[CV] END max_depth=10, max_features=log2, min_samples_split=5, n_estimators=500; total time=  10.0s
[CV] END max_depth=10, max_features=log2, min_samples_split=10, n_estimators=100; total time=   2.3s
[CV] END max_depth=10, max_features=log2, min_samples_split=10, n_estimators=100; total time=   2.4s
[CV] END max_depth=10, max_features=log2, min_samples_split=10, n_estimators=100; total time=   2.4s
[CV] END max_depth=10, max_features=log2, min_samples_split=10, n_estimators=100; total time=   2.3s
[CV] END max_depth=10, max_features=log2, min_samples_split=10, n_estimators=100; total time=   2.4s
[CV] END max_depth=10, max_features=log2, min_samples_split=10, n_estimators=300; total time=   6.0s
[CV] END max_depth=10, max_features=log2, min_samples_split=10, n_estimators=300; total time=   5.9s
[CV] END max_depth=10, max_features=log2, min_samples_split=10, n_estimators=300; total time=   5.9s
[CV] END max_depth=10, max_features=log2, min_samples_split=10, n_estimators=300; total time=   6.0s
[CV] END max_depth=10, max_features=log2, min_samples_split=10, n_estimators=300; total time=   6.1s
[CV] END max_depth=10, max_features=log2, min_samples_split=10, n_estimators=500; total time=   9.7s
[CV] END max_depth=10, max_features=log2, min_samples_split=10, n_estimators=500; total time=   9.6s
[CV] END max_depth=10, max_features=log2, min_samples_split=10, n_estimators=500; total time=   9.5s
[CV] END max_depth=10, max_features=log2, min_samples_split=10, n_estimators=500; total time=   9.7s
[CV] END max_depth=10, max_features=log2, min_samples_split=10, n_estimators=500; total time=   9.7s
[CV] END max_depth=20, max_features=auto, min_samples_split=2, n_estimators=100; total time=   3.2s
[CV] END max_depth=20, max_features=auto, min_samples_split=2, n_estimators=100; total time=   3.3s
[CV] END max_depth=20, max_features=auto, min_samples_split=2, n_estimators=100; total time=   3.2s
[CV] END max_depth=20, max_features=auto, min_samples_split=2, n_estimators=100; total time=   3.1s
[CV] END max_depth=20, max_features=auto, min_samples_split=2, n_estimators=100; total time=   3.2s
[CV] END max_depth=20, max_features=auto, min_samples_split=2, n_estimators=300; total time=   8.0s
[CV] END max_depth=20, max_features=auto, min_samples_split=2, n_estimators=300; total time=   8.1s
[CV] END max_depth=20, max_features=auto, min_samples_split=2, n_estimators=300; total time=   8.1s
[CV] END max_depth=20, max_features=auto, min_samples_split=2, n_estimators=300; total time=   8.0s
[CV] END max_depth=20, max_features=auto, min_samples_split=2, n_estimators=300; total time=   8.1s
[CV] END max_depth=20, max_features=auto, min_samples_split=2, n_estimators=500; total time=  13.2s
[CV] END max_depth=20, max_features=auto, min_samples_split=2, n_estimators=500; total time=  13.2s
[CV] END max_depth=20, max_features=auto, min_samples_split=2, n_estimators=500; total time=  13.2s
[CV] END max_depth=20, max_features=auto, min_samples_split=2, n_estimators=500; total time=  13.2s
[CV] END max_depth=20, max_features=auto, min_samples_split=2, n_estimators=500; total time=  13.1s
[CV] END max_depth=20, max_features=auto, min_samples_split=5, n_estimators=100; total time=   3.1s
[CV] END max_depth=20, max_features=auto, min_samples_split=5, n_estimators=100; total time=   3.2s
[CV] END max_depth=20, max_features=auto, min_samples_split=5, n_estimators=100; total time=   3.1s
[CV] END max_depth=20, max_features=auto, min_samples_split=5, n_estimators=100; total time=   3.2s
[CV] END max_depth=20, max_features=auto, min_samples_split=5, n_estimators=100; total time=   3.3s
[CV] END max_depth=20, max_features=auto, min_samples_split=5, n_estimators=300; total time=   8.1s
[CV] END max_depth=20, max_features=auto, min_samples_split=5, n_estimators=300; total time=   8.1s
[CV] END max_depth=20, max_features=auto, min_samples_split=5, n_estimators=300; total time=   8.1s
[CV] END max_depth=20, max_features=auto, min_samples_split=5, n_estimators=300; total time=   8.0s
[CV] END max_depth=20, max_features=auto, min_samples_split=5, n_estimators=300; total time=   7.9s
[CV] END max_depth=20, max_features=auto, min_samples_split=5, n_estimators=500; total time=  13.1s
[CV] END max_depth=20, max_features=auto, min_samples_split=5, n_estimators=500; total time=  13.3s
[CV] END max_depth=20, max_features=auto, min_samples_split=5, n_estimators=500; total time=  13.1s
[CV] END max_depth=20, max_features=auto, min_samples_split=5, n_estimators=500; total time=  13.1s
[CV] END max_depth=20, max_features=auto, min_samples_split=5, n_estimators=500; total time=  13.2s
[CV] END max_depth=20, max_features=auto, min_samples_split=10, n_estimators=100; total time=   3.2s
[CV] END max_depth=20, max_features=auto, min_samples_split=10, n_estimators=100; total time=   3.3s
[CV] END max_depth=20, max_features=auto, min_samples_split=10, n_estimators=100; total time=   3.2s
[CV] END max_depth=20, max_features=auto, min_samples_split=10, n_estimators=100; total time=   3.2s
[CV] END max_depth=20, max_features=auto, min_samples_split=10, n_estimators=100; total time=   3.2s
[CV] END max_depth=20, max_features=auto, min_samples_split=10, n_estimators=300; total time=   8.0s
[CV] END max_depth=20, max_features=auto, min_samples_split=10, n_estimators=300; total time=   8.1s
[CV] END max_depth=20, max_features=auto, min_samples_split=10, n_estimators=300; total time=   7.9s
[CV] END max_depth=20, max_features=auto, min_samples_split=10, n_estimators=300; total time=   7.9s
[CV] END max_depth=20, max_features=auto, min_samples_split=10, n_estimators=300; total time=   8.1s
[CV] END max_depth=20, max_features=auto, min_samples_split=10, n_estimators=500; total time=  13.2s
[CV] END max_depth=20, max_features=auto, min_samples_split=10, n_estimators=500; total time=  13.0s
[CV] END max_depth=20, max_features=auto, min_samples_split=10, n_estimators=500; total time=  13.0s
[CV] END max_depth=20, max_features=auto, min_samples_split=10, n_estimators=500; total time=  13.1s
[CV] END max_depth=20, max_features=auto, min_samples_split=10, n_estimators=500; total time=  13.1s
[CV] END max_depth=20, max_features=sqrt, min_samples_split=2, n_estimators=100; total time=   3.2s
[CV] END max_depth=20, max_features=sqrt, min_samples_split=2, n_estimators=100; total time=   3.2s
[CV] END max_depth=20, max_features=sqrt, min_samples_split=2, n_estimators=100; total time=   3.2s
[CV] END max_depth=20, max_features=sqrt, min_samples_split=2, n_estimators=100; total time=   3.2s
/home/ilc/midir/miniconda3/envs/ml-env/lib/python3.10/site-packages/sklearn/ensemble/_forest.py:424: FutureWarning: `max_features='auto'` has been deprecated in 1.1 and will be removed in 1.3. To keep the past behaviour, explicitly set `max_features='sqrt'` or remove this parameter as it is also the default value for RandomForestClassifiers and ExtraTreesClassifiers.
  warn(
[CV] END max_depth=20, max_features=sqrt, min_samples_split=2, n_estimators=100; total time=   3.3s
[CV] END max_depth=20, max_features=sqrt, min_samples_split=2, n_estimators=300; total time=   8.1s
[CV] END max_depth=20, max_features=sqrt, min_samples_split=2, n_estimators=300; total time=   8.2s
[CV] END max_depth=20, max_features=sqrt, min_samples_split=2, n_estimators=300; total time=   8.1s
[CV] END max_depth=20, max_features=sqrt, min_samples_split=2, n_estimators=300; total time=   8.1s
[CV] END max_depth=20, max_features=sqrt, min_samples_split=2, n_estimators=300; total time=   8.1s
[CV] END max_depth=20, max_features=sqrt, min_samples_split=2, n_estimators=500; total time=  13.2s
[CV] END max_depth=20, max_features=sqrt, min_samples_split=2, n_estimators=500; total time=  13.2s
[CV] END max_depth=20, max_features=sqrt, min_samples_split=2, n_estimators=500; total time=  13.2s
[CV] END max_depth=20, max_features=sqrt, min_samples_split=2, n_estimators=500; total time=  13.1s
[CV] END max_depth=20, max_features=sqrt, min_samples_split=2, n_estimators=500; total time=  13.2s
[CV] END max_depth=20, max_features=sqrt, min_samples_split=5, n_estimators=100; total time=   3.1s
[CV] END max_depth=20, max_features=sqrt, min_samples_split=5, n_estimators=100; total time=   3.2s
[CV] END max_depth=20, max_features=sqrt, min_samples_split=5, n_estimators=100; total time=   3.3s
[CV] END max_depth=20, max_features=sqrt, min_samples_split=5, n_estimators=100; total time=   3.2s
[CV] END max_depth=20, max_features=sqrt, min_samples_split=5, n_estimators=100; total time=   3.2s
[CV] END max_depth=20, max_features=sqrt, min_samples_split=5, n_estimators=300; total time=   8.1s
[CV] END max_depth=20, max_features=sqrt, min_samples_split=5, n_estimators=300; total time=   8.1s
[CV] END max_depth=20, max_features=sqrt, min_samples_split=5, n_estimators=300; total time=   8.0s
[CV] END max_depth=20, max_features=sqrt, min_samples_split=5, n_estimators=300; total time=   8.0s
[CV] END max_depth=20, max_features=sqrt, min_samples_split=5, n_estimators=300; total time=   7.9s
[CV] END max_depth=20, max_features=sqrt, min_samples_split=5, n_estimators=500; total time=  13.1s
[CV] END max_depth=20, max_features=sqrt, min_samples_split=5, n_estimators=500; total time=  13.2s
[CV] END max_depth=20, max_features=sqrt, min_samples_split=5, n_estimators=500; total time=  13.2s
[CV] END max_depth=20, max_features=sqrt, min_samples_split=5, n_estimators=500; total time=  13.3s
[CV] END max_depth=20, max_features=sqrt, min_samples_split=5, n_estimators=500; total time=  13.1s
[CV] END max_depth=20, max_features=sqrt, min_samples_split=10, n_estimators=100; total time=   3.1s
[CV] END max_depth=20, max_features=sqrt, min_samples_split=10, n_estimators=100; total time=   3.2s
[CV] END max_depth=20, max_features=sqrt, min_samples_split=10, n_estimators=100; total time=   3.3s
[CV] END max_depth=20, max_features=sqrt, min_samples_split=10, n_estimators=100; total time=   3.1s
[CV] END max_depth=20, max_features=sqrt, min_samples_split=10, n_estimators=100; total time=   3.2s
[CV] END max_depth=20, max_features=sqrt, min_samples_split=10, n_estimators=300; total time=   7.9s
[CV] END max_depth=20, max_features=sqrt, min_samples_split=10, n_estimators=300; total time=   7.9s
[CV] END max_depth=20, max_features=sqrt, min_samples_split=10, n_estimators=300; total time=   8.0s
[CV] END max_depth=20, max_features=sqrt, min_samples_split=10, n_estimators=300; total time=   8.0s
[CV] END max_depth=20, max_features=sqrt, min_samples_split=10, n_estimators=300; total time=   8.0s
[CV] END max_depth=20, max_features=sqrt, min_samples_split=10, n_estimators=500; total time=  13.2s
[CV] END max_depth=20, max_features=sqrt, min_samples_split=10, n_estimators=500; total time=  13.0s
[CV] END max_depth=20, max_features=sqrt, min_samples_split=10, n_estimators=500; total time=  13.1s
[CV] END max_depth=20, max_features=sqrt, min_samples_split=10, n_estimators=500; total time=  13.0s
[CV] END max_depth=20, max_features=sqrt, min_samples_split=10, n_estimators=500; total time=  13.2s
[CV] END max_depth=20, max_features=log2, min_samples_split=2, n_estimators=100; total time=   3.2s
[CV] END max_depth=20, max_features=log2, min_samples_split=2, n_estimators=100; total time=   3.3s
[CV] END max_depth=20, max_features=log2, min_samples_split=2, n_estimators=100; total time=   3.3s
[CV] END max_depth=20, max_features=log2, min_samples_split=2, n_estimators=100; total time=   3.2s
[CV] END max_depth=20, max_features=log2, min_samples_split=2, n_estimators=100; total time=   3.2s
[CV] END max_depth=20, max_features=log2, min_samples_split=2, n_estimators=300; total time=   8.1s
[CV] END max_depth=20, max_features=log2, min_samples_split=2, n_estimators=300; total time=   8.1s
[CV] END max_depth=20, max_features=log2, min_samples_split=2, n_estimators=300; total time=   8.0s
[CV] END max_depth=20, max_features=log2, min_samples_split=2, n_estimators=300; total time=   8.0s
[CV] END max_depth=20, max_features=log2, min_samples_split=2, n_estimators=300; total time=   8.1s
[CV] END max_depth=20, max_features=log2, min_samples_split=2, n_estimators=500; total time=  13.2s
[CV] END max_depth=20, max_features=log2, min_samples_split=2, n_estimators=500; total time=  13.2s
[CV] END max_depth=20, max_features=log2, min_samples_split=2, n_estimators=500; total time=  13.1s
[CV] END max_depth=20, max_features=log2, min_samples_split=2, n_estimators=500; total time=  13.2s
[CV] END max_depth=20, max_features=log2, min_samples_split=2, n_estimators=500; total time=  13.3s
[CV] END max_depth=20, max_features=log2, min_samples_split=5, n_estimators=100; total time=   3.2s
[CV] END max_depth=20, max_features=log2, min_samples_split=5, n_estimators=100; total time=   3.2s
[CV] END max_depth=20, max_features=log2, min_samples_split=5, n_estimators=100; total time=   3.3s
[CV] END max_depth=20, max_features=log2, min_samples_split=5, n_estimators=100; total time=   3.1s
[CV] END max_depth=20, max_features=log2, min_samples_split=5, n_estimators=100; total time=   3.6s
[CV] END max_depth=20, max_features=log2, min_samples_split=5, n_estimators=300; total time=   7.9s
[CV] END max_depth=20, max_features=log2, min_samples_split=5, n_estimators=300; total time=   8.0s
[CV] END max_depth=20, max_features=log2, min_samples_split=5, n_estimators=300; total time=   8.0s
[CV] END max_depth=20, max_features=log2, min_samples_split=5, n_estimators=300; total time=   8.1s
[CV] END max_depth=20, max_features=log2, min_samples_split=5, n_estimators=300; total time=   8.0s
[CV] END max_depth=20, max_features=log2, min_samples_split=5, n_estimators=500; total time=  13.1s
[CV] END max_depth=20, max_features=log2, min_samples_split=5, n_estimators=500; total time=  13.3s
[CV] END max_depth=20, max_features=log2, min_samples_split=5, n_estimators=500; total time=  13.0s
[CV] END max_depth=20, max_features=log2, min_samples_split=5, n_estimators=500; total time=  13.3s
[CV] END max_depth=20, max_features=log2, min_samples_split=5, n_estimators=500; total time=  13.1s
[CV] END max_depth=20, max_features=log2, min_samples_split=10, n_estimators=100; total time=   3.1s
[CV] END max_depth=20, max_features=log2, min_samples_split=10, n_estimators=100; total time=   3.3s
[CV] END max_depth=20, max_features=log2, min_samples_split=10, n_estimators=100; total time=   3.3s
[CV] END max_depth=20, max_features=log2, min_samples_split=10, n_estimators=100; total time=   3.2s
[CV] END max_depth=20, max_features=log2, min_samples_split=10, n_estimators=100; total time=   3.2s
[CV] END max_depth=20, max_features=log2, min_samples_split=10, n_estimators=300; total time=   8.0s
[CV] END max_depth=20, max_features=log2, min_samples_split=10, n_estimators=300; total time=   8.0s
[CV] END max_depth=20, max_features=log2, min_samples_split=10, n_estimators=300; total time=   7.9s
[CV] END max_depth=20, max_features=log2, min_samples_split=10, n_estimators=300; total time=   8.1s
[CV] END max_depth=20, max_features=log2, min_samples_split=10, n_estimators=300; total time=   7.9s
[CV] END max_depth=20, max_features=log2, min_samples_split=10, n_estimators=500; total time=  13.1s
[CV] END max_depth=20, max_features=log2, min_samples_split=10, n_estimators=500; total time=  13.1s
[CV] END max_depth=20, max_features=log2, min_samples_split=10, n_estimators=500; total time=  13.0s
[CV] END max_depth=20, max_features=log2, min_samples_split=10, n_estimators=500; total time=  13.1s
[CV] END max_depth=20, max_features=log2, min_samples_split=10, n_estimators=500; total time=  13.0s
Meilleurs paramètres trouvés : {'max_depth': 20, 'max_features': 'auto', 'min_samples_split': 10, 'n_estimators': 300}

===== Résultats =====
Accuracy : 0.7518
Matrice de confusion :
 [[10475  9524     1]
 [ 5367 14633     0]
 [    0     0 19999]]

Rapport de classification :
               precision    recall  f1-score   support

         pi-       0.66      0.52      0.58     20000
      proton       0.61      0.73      0.66     20000
          K0       1.00      1.00      1.00     19999

    accuracy                           0.75     59999
   macro avg       0.76      0.75      0.75     59999
weighted avg       0.76      0.75      0.75     59999

   → Modèle Random Forest et scaler sauvegardés dans processed_data
